23.06.2015 22:35:13: Making files 4263222: 0
27.06.2015 23:41:43: Making files 4263222: 0
27.06.2015 23:51:46: Making files 4263222: 0
27.06.2015 23:55:17: zipping 4263222-si2k-6000000000.zip success
27.06.2015 23:55:22: ftpput 4263222-si2k-6000000000.zip success
27.06.2015 23:55:22:  
27.06.2015 23:57:22: zipping 4263222-si2k-6000000000.zip success
27.06.2015 23:57:27: ftpput 4263222-si2k-6000000000.zip success
27.06.2015 23:57:27:  
27.06.2015 23:57:57: zipping 4263222-si2k-6000000000.zip success
27.06.2015 23:58:04: ftpput 4263222-si2k-6000000000.zip success
27.06.2015 23:58:04:  
28.06.2015 02:37:54: zipping 4263222-si2k-6000000000.zip success
28.06.2015 02:38:02: ftpput 4263222-si2k-6000000000.zip success
28.06.2015 02:38:02:  
28.06.2015 02:38:02: ftpget 001506260000000000000.ama success
28.06.2015 02:38:02: zipping 4263222-si2k-6000000000.zip success
28.06.2015 02:38:08: ftpput 4263222-si2k-6000000000.zip success
28.06.2015 02:38:08:  
28.06.2015 02:38:38: zipping 4263222-si2k-6000000000.zip success
28.06.2015 02:38:43: ftpput 4263222-si2k-6000000000.zip success
28.06.2015 02:38:43:  
28.06.2015 02:39:13: zipping 4263222-si2k-6000000000.zip success
28.06.2015 02:39:19: ftpput 4263222-si2k-6000000000.zip success
28.06.2015 02:39:19:  
28.06.2015 02:39:49: zipping 4263222-si2k-6000000000.zip success
28.06.2015 02:39:54: ftpput 4263222-si2k-6000000000.zip success
28.06.2015 02:39:54:  
28.06.2015 02:40:24: zipping 4263222-si2k-6000000000.zip success
28.06.2015 02:40:30: ftpput 4263222-si2k-6000000000.zip success
28.06.2015 02:40:30:  
28.06.2015 02:41:00: zipping 4263222-si2k-6000000000.zip success
28.06.2015 02:41:06: ftpput 4263222-si2k-6000000000.zip success
28.06.2015 02:41:06:  
28.06.2015 02:41:36: zipping 4263222-si2k-6000000000.zip success
28.06.2015 02:41:41: ftpput 4263222-si2k-6000000000.zip success
28.06.2015 02:41:41:  
28.06.2015 02:42:11: zipping 4263222-si2k-6000000000.zip success
28.06.2015 02:42:16: ftpput 4263222-si2k-6000000000.zip success
28.06.2015 02:42:16:  
28.06.2015 02:42:46: zipping 4263222-si2k-6000000000.zip success
28.06.2015 02:42:51: ftpput 4263222-si2k-6000000000.zip success
28.06.2015 02:42:51:  
28.06.2015 02:43:21: zipping 4263222-si2k-6000000000.zip success
28.06.2015 02:43:26: ftpput 4263222-si2k-6000000000.zip success
28.06.2015 02:43:26:  
28.06.2015 02:43:56: zipping 4263222-si2k-6000000000.zip success
28.06.2015 02:44:03: ftpput 4263222-si2k-6000000000.zip success
28.06.2015 02:44:03:  
28.06.2015 02:44:33: zipping 4263222-si2k-6000000000.zip success
28.06.2015 02:44:38: ftpput 4263222-si2k-6000000000.zip success
28.06.2015 02:44:38:  
28.06.2015 02:45:08: zipping 4263222-si2k-6000000000.zip success
28.06.2015 02:45:14: ftpput 4263222-si2k-6000000000.zip success
28.06.2015 02:45:14:  
28.06.2015 02:45:44: zipping 4263222-si2k-6000000000.zip success
28.06.2015 02:45:49: ftpput 4263222-si2k-6000000000.zip success
28.06.2015 02:45:49:  
28.06.2015 02:46:19: zipping 4263222-si2k-6000000000.zip success
28.06.2015 02:46:25: ftpput 4263222-si2k-6000000000.zip success
28.06.2015 02:46:25:  
28.06.2015 02:46:55: zipping 4263222-si2k-6000000000.zip success
28.06.2015 02:47:00: ftpput 4263222-si2k-6000000000.zip success
28.06.2015 02:47:00:  
28.06.2015 02:47:30: zipping 4263222-si2k-6000000000.zip success
28.06.2015 02:47:35: ftpput 4263222-si2k-6000000000.zip success
28.06.2015 02:47:35:  
28.06.2015 02:48:05: zipping 4263222-si2k-6000000000.zip success
28.06.2015 02:48:10: ftpput 4263222-si2k-6000000000.zip success
28.06.2015 02:48:10:  
28.06.2015 02:48:40: zipping 4263222-si2k-6000000000.zip success
28.06.2015 02:48:46: ftpput 4263222-si2k-6000000000.zip success
28.06.2015 02:48:46:  
28.06.2015 02:49:16: zipping 4263222-si2k-6000000000.zip success
28.06.2015 02:49:21: ftpput 4263222-si2k-6000000000.zip success
28.06.2015 02:49:21:  
28.06.2015 02:49:51: zipping 4263222-si2k-6000000000.zip success
28.06.2015 02:49:56: ftpput 4263222-si2k-6000000000.zip success
28.06.2015 02:49:56:  
28.06.2015 02:50:26: zipping 4263222-si2k-6000000000.zip success
28.06.2015 02:50:31: ftpput 4263222-si2k-6000000000.zip success
28.06.2015 02:50:31:  
28.06.2015 02:51:01: zipping 4263222-si2k-6000000000.zip success
28.06.2015 02:51:07: ftpput 4263222-si2k-6000000000.zip success
28.06.2015 02:51:07:  
28.06.2015 02:51:37: zipping 4263222-si2k-6000000000.zip success
28.06.2015 02:51:42: ftpput 4263222-si2k-6000000000.zip success
28.06.2015 02:51:42:  
28.06.2015 02:52:12: zipping 4263222-si2k-6000000000.zip success
28.06.2015 02:52:17: ftpput 4263222-si2k-6000000000.zip success
28.06.2015 02:52:17:  
28.06.2015 02:52:47: zipping 4263222-si2k-6000000000.zip success
28.06.2015 02:52:52: ftpput 4263222-si2k-6000000000.zip success
28.06.2015 02:52:52:  
28.06.2015 02:53:19: zipping 4263222-si2k-6000000000.zip success
28.06.2015 02:53:24: ftpput 4263222-si2k-6000000000.zip success
28.06.2015 02:53:24:  
28.06.2015 02:53:54: zipping 4263222-si2k-6000000000.zip success
28.06.2015 02:53:59: ftpput 4263222-si2k-6000000000.zip success
28.06.2015 02:53:59:  
28.06.2015 02:54:29: zipping 4263222-si2k-6000000000.zip success
28.06.2015 02:54:35: ftpput 4263222-si2k-6000000000.zip success
28.06.2015 02:54:35:  
28.06.2015 02:55:05: zipping 4263222-si2k-6000000000.zip success
28.06.2015 02:55:10: ftpput 4263222-si2k-6000000000.zip success
28.06.2015 02:55:10:  
28.06.2015 02:55:40: zipping 4263222-si2k-6000000000.zip success
28.06.2015 02:55:45: ftpput 4263222-si2k-6000000000.zip success
28.06.2015 02:55:45:  
28.06.2015 02:56:15: zipping 4263222-si2k-6000000000.zip success
28.06.2015 02:56:21: ftpput 4263222-si2k-6000000000.zip success
28.06.2015 02:56:21:  
28.06.2015 02:56:51: zipping 4263222-si2k-6000000000.zip success
28.06.2015 02:56:56: ftpput 4263222-si2k-6000000000.zip success
28.06.2015 02:56:56:  
28.06.2015 02:57:26: zipping 4263222-si2k-6000000000.zip success
28.06.2015 02:57:31: ftpput 4263222-si2k-6000000000.zip success
28.06.2015 02:57:31:  
28.06.2015 02:58:01: zipping 4263222-si2k-6000000000.zip success
28.06.2015 02:58:07: ftpput 4263222-si2k-6000000000.zip success
28.06.2015 02:58:07:  
28.06.2015 02:58:37: zipping 4263222-si2k-6000000000.zip success
28.06.2015 02:58:43: ftpput 4263222-si2k-6000000000.zip success
28.06.2015 02:58:43:  
28.06.2015 02:59:13: zipping 4263222-si2k-6000000000.zip success
28.06.2015 02:59:18: ftpput 4263222-si2k-6000000000.zip success
28.06.2015 02:59:18:  
28.06.2015 02:59:48: zipping 4263222-si2k-6000000000.zip success
28.06.2015 02:59:53: ftpput 4263222-si2k-6000000000.zip success
28.06.2015 02:59:53:  
28.06.2015 03:00:23: zipping 4263222-si2k-6000000000.zip success
28.06.2015 03:00:28: ftpput 4263222-si2k-6000000000.zip success
28.06.2015 03:00:28:  
28.06.2015 03:00:58: zipping 4263222-si2k-6000000000.zip success
28.06.2015 03:01:03: ftpput 4263222-si2k-6000000000.zip success
28.06.2015 03:01:03:  
28.06.2015 03:01:33: zipping 4263222-si2k-6000000000.zip success
28.06.2015 03:01:38: ftpput 4263222-si2k-6000000000.zip success
28.06.2015 03:01:38:  
28.06.2015 03:02:08: zipping 4263222-si2k-6000000000.zip success
28.06.2015 03:02:14: ftpput 4263222-si2k-6000000000.zip success
28.06.2015 03:02:14:  
28.06.2015 03:02:44: zipping 4263222-si2k-6000000000.zip success
28.06.2015 03:02:50: ftpput 4263222-si2k-6000000000.zip success
28.06.2015 03:02:50:  
28.06.2015 03:03:20: zipping 4263222-si2k-6000000000.zip success
28.06.2015 03:03:25: ftpput 4263222-si2k-6000000000.zip success
28.06.2015 03:03:25:  
28.06.2015 03:03:55: zipping 4263222-si2k-6000000000.zip success
28.06.2015 03:04:00: ftpput 4263222-si2k-6000000000.zip success
28.06.2015 03:04:00:  
28.06.2015 03:04:30: zipping 4263222-si2k-6000000000.zip success
28.06.2015 03:04:35: ftpput 4263222-si2k-6000000000.zip success
28.06.2015 03:04:35:  
28.06.2015 03:05:05: zipping 4263222-si2k-6000000000.zip success
28.06.2015 03:05:10: ftpput 4263222-si2k-6000000000.zip success
28.06.2015 03:05:10:  
28.06.2015 03:05:40: zipping 4263222-si2k-6000000000.zip success
28.06.2015 03:05:46: ftpput 4263222-si2k-6000000000.zip success
28.06.2015 03:05:46:  
28.06.2015 03:06:16: zipping 4263222-si2k-6000000000.zip success
28.06.2015 03:06:21: ftpput 4263222-si2k-6000000000.zip success
28.06.2015 03:06:21:  
28.06.2015 04:09:30: zipping 4263222-si2k-6000000000.zip success
28.06.2015 04:09:41: ftpput 4263222-si2k-6000000000.zip success
28.06.2015 04:09:41:  
28.06.2015 04:10:11: zipping 4263222-si2k-6000000000.zip success
28.06.2015 04:10:16: ftpput 4263222-si2k-6000000000.zip success
28.06.2015 04:10:16:  
28.06.2015 04:10:46: zipping 4263222-si2k-6000000000.zip success
28.06.2015 04:10:52: ftpput 4263222-si2k-6000000000.zip success
28.06.2015 04:10:52:  
28.06.2015 04:11:22: zipping 4263222-si2k-6000000000.zip success
28.06.2015 04:11:27: ftpput 4263222-si2k-6000000000.zip success
28.06.2015 04:11:27:  
28.06.2015 04:11:57: zipping 4263222-si2k-6000000000.zip success
28.06.2015 04:12:02: ftpput 4263222-si2k-6000000000.zip success
28.06.2015 04:12:02:  
28.06.2015 04:12:32: zipping 4263222-si2k-6000000000.zip success
28.06.2015 04:12:38: ftpput 4263222-si2k-6000000000.zip success
28.06.2015 04:12:38:  
28.06.2015 04:13:08: zipping 4263222-si2k-6000000000.zip success
28.06.2015 04:13:15: ftpput 4263222-si2k-6000000000.zip success
28.06.2015 04:13:15:  
28.06.2015 04:13:45: zipping 4263222-si2k-6000000000.zip success
28.06.2015 04:13:53: ftpput 4263222-si2k-6000000000.zip success
28.06.2015 04:13:53:  
28.06.2015 04:14:23: zipping 4263222-si2k-6000000000.zip success
28.06.2015 04:14:28: ftpput 4263222-si2k-6000000000.zip success
28.06.2015 04:14:28:  
28.06.2015 04:14:58: zipping 4263222-si2k-6000000000.zip success
28.06.2015 04:15:04: ftpput 4263222-si2k-6000000000.zip success
28.06.2015 04:15:04:  
28.06.2015 04:15:34: zipping 4263222-si2k-6000000000.zip success
28.06.2015 04:15:40: ftpput 4263222-si2k-6000000000.zip success
28.06.2015 04:15:40:  
28.06.2015 04:16:11: zipping 4263222-si2k-6000000000.zip success
28.06.2015 04:16:18: ftpput 4263222-si2k-6000000000.zip success
28.06.2015 04:16:18:  
28.06.2015 04:16:48: zipping 4263222-si2k-6000000000.zip success
28.06.2015 04:16:55: ftpput 4263222-si2k-6000000000.zip success
28.06.2015 04:16:55:  
28.06.2015 04:17:25: zipping 4263222-si2k-6000000000.zip success
28.06.2015 04:17:32: ftpput 4263222-si2k-6000000000.zip success
28.06.2015 04:17:32:  
28.06.2015 04:18:02: zipping 4263222-si2k-6000000000.zip success
28.06.2015 04:18:09: ftpput 4263222-si2k-6000000000.zip success
28.06.2015 04:18:09:  
28.06.2015 04:18:39: zipping 4263222-si2k-6000000000.zip success
28.06.2015 04:18:46: ftpput 4263222-si2k-6000000000.zip success
28.06.2015 04:18:46:  
28.06.2015 04:19:16: zipping 4263222-si2k-6000000000.zip success
28.06.2015 04:19:21: ftpput 4263222-si2k-6000000000.zip success
28.06.2015 04:19:21:  
28.06.2015 10:19:27: zipping 4263222-si2k-6000000000.zip success
28.06.2015 10:19:41: ftpput 4263222-si2k-6000000000.zip success
28.06.2015 10:19:41:  
28.06.2015 23:55:35: zipping 4263222-si2k-6000000000.zip success
28.06.2015 23:55:55: ftpput 4263222-si2k-6000000000.zip success
28.06.2015 23:55:55:  
28.06.2015 23:56:25: zipping 4263222-si2k-6000000000.zip success
28.06.2015 23:56:30: ftpput 4263222-si2k-6000000000.zip success
28.06.2015 23:56:30:  
28.06.2015 23:57:00: zipping 4263222-si2k-6000000000.zip success
28.06.2015 23:57:05: ftpput 4263222-si2k-6000000000.zip success
28.06.2015 23:57:05:  
28.06.2015 23:57:05: ftpget 001506260000000000000.ama success
28.06.2015 23:57:05: zipping 4263222-si2k-6000000000.zip success
28.06.2015 23:57:10: ftpput 4263222-si2k-6000000000.zip success
28.06.2015 23:57:10:  
28.06.2015 23:57:10: ftpget 001506260000000000000.ama success
28.06.2015 23:57:10: zipping 4263222-si2k-6000000000.zip success
28.06.2015 23:57:16: ftpput 4263222-si2k-6000000000.zip success
28.06.2015 23:57:16:  
28.06.2015 23:57:16: ftpget 001506260000000000000.ama success
28.06.2015 23:57:16: zipping 4263222-si2k-6000000000.zip success
28.06.2015 23:57:21: ftpput 4263222-si2k-6000000000.zip success
28.06.2015 23:57:21:  
28.06.2015 23:57:21: ftpget 001506260000000000000.ama success
28.06.2015 23:57:21: zipping 4263222-si2k-6000000000.zip success
28.06.2015 23:57:26: ftpput 4263222-si2k-6000000000.zip success
28.06.2015 23:57:26:  
28.06.2015 23:57:26: ftpget 001506260000000000000.ama success
28.06.2015 23:57:26: zipping 4263222-si2k-6000000000.zip success
28.06.2015 23:57:31: ftpput 4263222-si2k-6000000000.zip success
28.06.2015 23:57:31:  
28.06.2015 23:57:31: ftpget 001506260000000000000.ama success
28.06.2015 23:57:31: zipping 4263222-si2k-6000000000.zip success
28.06.2015 23:57:36: ftpput 4263222-si2k-6000000000.zip success
28.06.2015 23:57:36:  
28.06.2015 23:57:36: ftpget 001506260000000000000.ama success
28.06.2015 23:57:36: zipping 4263222-si2k-6000000000.zip success
28.06.2015 23:57:42: ftpput 4263222-si2k-6000000000.zip success
28.06.2015 23:57:42:  
28.06.2015 23:58:12: zipping 4263222-si2k-6000000000.zip success
28.06.2015 23:58:17: ftpput 4263222-si2k-6000000000.zip success
28.06.2015 23:58:17:  
28.06.2015 23:58:47: zipping 4263222-si2k-6000000000.zip success
28.06.2015 23:58:52: ftpput 4263222-si2k-6000000000.zip success
28.06.2015 23:58:52:  
28.06.2015 23:59:22: zipping 4263222-si2k-6000000000.zip success
28.06.2015 23:59:28: ftpput 4263222-si2k-6000000000.zip success
28.06.2015 23:59:28:  
28.06.2015 23:59:58: zipping 4263222-si2k-6000000000.zip success
29.06.2015 24:00:03: ftpput 4263222-si2k-6000000000.zip success
29.06.2015 24:00:03:  
29.06.2015 24:00:33: zipping 4263222-si2k-6000000000.zip success
29.06.2015 24:00:38: ftpput 4263222-si2k-6000000000.zip success
29.06.2015 24:00:38:  
29.06.2015 24:01:08: zipping 4263222-si2k-6000000000.zip success
29.06.2015 24:01:13: ftpput 4263222-si2k-6000000000.zip success
29.06.2015 24:01:13:  
29.06.2015 24:01:43: zipping 4263222-si2k-6000000000.zip success
29.06.2015 24:01:49: ftpput 4263222-si2k-6000000000.zip success
29.06.2015 24:01:49:  
29.06.2015 24:02:19: zipping 4263222-si2k-6000000000.zip success
29.06.2015 24:02:24: ftpput 4263222-si2k-6000000000.zip success
29.06.2015 24:02:24:  
29.06.2015 24:02:54: zipping 4263222-si2k-6000000000.zip success
29.06.2015 24:03:00: ftpput 4263222-si2k-6000000000.zip success
29.06.2015 24:03:00:  
29.06.2015 24:03:30: zipping 4263222-si2k-6000000000.zip success
29.06.2015 24:03:36: ftpput 4263222-si2k-6000000000.zip success
29.06.2015 24:03:36:  
29.06.2015 24:04:06: zipping 4263222-si2k-6000000000.zip success
29.06.2015 24:04:11: ftpput 4263222-si2k-6000000000.zip success
29.06.2015 24:04:11:  
29.06.2015 24:04:41: zipping 4263222-si2k-6000000000.zip success
29.06.2015 24:04:46: ftpput 4263222-si2k-6000000000.zip success
29.06.2015 24:04:46:  
29.06.2015 24:05:16: zipping 4263222-si2k-6000000000.zip success
29.06.2015 24:05:22: ftpput 4263222-si2k-6000000000.zip success
29.06.2015 24:05:22:  
29.06.2015 24:05:52: zipping 4263222-si2k-6000000000.zip success
29.06.2015 24:05:57: ftpput 4263222-si2k-6000000000.zip success
29.06.2015 24:05:57:  
29.06.2015 24:06:27: zipping 4263222-si2k-6000000000.zip success
29.06.2015 24:06:32: ftpput 4263222-si2k-6000000000.zip success
29.06.2015 24:06:32:  
29.06.2015 24:07:02: zipping 4263222-si2k-6000000000.zip success
29.06.2015 24:07:07: ftpput 4263222-si2k-6000000000.zip success
29.06.2015 24:07:07:  
29.06.2015 24:07:37: zipping 4263222-si2k-6000000000.zip success
29.06.2015 24:07:43: ftpput 4263222-si2k-6000000000.zip success
29.06.2015 24:07:43:  
29.06.2015 24:08:13: zipping 4263222-si2k-6000000000.zip success
29.06.2015 24:08:18: ftpput 4263222-si2k-6000000000.zip success
29.06.2015 24:08:18:  
29.06.2015 24:08:48: zipping 4263222-si2k-6000000000.zip success
29.06.2015 24:08:53: ftpput 4263222-si2k-6000000000.zip success
29.06.2015 24:08:53:  
29.06.2015 24:09:23: zipping 4263222-si2k-6000000000.zip success
29.06.2015 24:09:28: ftpput 4263222-si2k-6000000000.zip success
29.06.2015 24:09:28:  
29.06.2015 24:09:58: zipping 4263222-si2k-6000000000.zip success
29.06.2015 24:10:05: ftpput 4263222-si2k-6000000000.zip success
29.06.2015 24:10:05:  
29.06.2015 24:10:35: zipping 4263222-si2k-6000000000.zip success
29.06.2015 24:10:40: ftpput 4263222-si2k-6000000000.zip success
29.06.2015 24:10:40:  
29.06.2015 24:11:10: zipping 4263222-si2k-6000000000.zip success
29.06.2015 24:11:15: ftpput 4263222-si2k-6000000000.zip success
29.06.2015 24:11:15:  
29.06.2015 24:11:45: zipping 4263222-si2k-6000000000.zip success
29.06.2015 24:11:51: ftpput 4263222-si2k-6000000000.zip success
29.06.2015 24:11:51:  
29.06.2015 24:12:21: zipping 4263222-si2k-6000000000.zip success
29.06.2015 24:12:26: ftpput 4263222-si2k-6000000000.zip success
29.06.2015 24:12:26:  
29.06.2015 24:12:56: zipping 4263222-si2k-6000000000.zip success
29.06.2015 24:13:02: ftpput 4263222-si2k-6000000000.zip success
29.06.2015 24:13:02:  
29.06.2015 24:13:32: zipping 4263222-si2k-6000000000.zip success
29.06.2015 24:13:37: ftpput 4263222-si2k-6000000000.zip success
29.06.2015 24:13:37:  
29.06.2015 24:14:07: zipping 4263222-si2k-6000000000.zip success
29.06.2015 24:14:13: ftpput 4263222-si2k-6000000000.zip success
29.06.2015 24:14:13:  
29.06.2015 24:14:43: zipping 4263222-si2k-6000000000.zip success
29.06.2015 24:14:49: ftpput 4263222-si2k-6000000000.zip success
29.06.2015 24:14:49:  
29.06.2015 24:15:19: zipping 4263222-si2k-6000000000.zip success
29.06.2015 24:15:25: ftpput 4263222-si2k-6000000000.zip success
29.06.2015 24:15:25:  
29.06.2015 24:15:55: zipping 4263222-si2k-6000000000.zip success
29.06.2015 24:16:00: ftpput 4263222-si2k-6000000000.zip success
29.06.2015 24:16:00:  
29.06.2015 24:16:30: zipping 4263222-si2k-6000000000.zip success
29.06.2015 24:16:35: ftpput 4263222-si2k-6000000000.zip success
29.06.2015 24:16:35:  
29.06.2015 24:17:06: zipping 4263222-si2k-6000000000.zip success
29.06.2015 24:17:11: ftpput 4263222-si2k-6000000000.zip success
29.06.2015 24:17:11:  
29.06.2015 24:17:41: zipping 4263222-si2k-6000000000.zip success
29.06.2015 24:17:46: ftpput 4263222-si2k-6000000000.zip success
29.06.2015 24:17:46:  
29.06.2015 24:18:16: zipping 4263222-si2k-6000000000.zip success
29.06.2015 24:18:21: ftpput 4263222-si2k-6000000000.zip success
29.06.2015 24:18:21:  
29.06.2015 06:18:50: zipping 4263222-si2k-6000000000.zip success
29.06.2015 06:19:03: ftpput 4263222-si2k-6000000000.zip success
29.06.2015 06:19:03:  
29.06.2015 08:03:19: zipping 4263222-si2k-6000000000.zip success
29.06.2015 08:03:29: ftpput 4263222-si2k-6000000000.zip success
29.06.2015 08:03:29:  
29.06.2015 08:03:59: zipping 4263222-si2k-6000000000.zip success
29.06.2015 08:04:05: ftpput 4263222-si2k-6000000000.zip success
29.06.2015 08:04:05:  
29.06.2015 08:04:35: zipping 4263222-si2k-6000000000.zip success
29.06.2015 08:04:40: ftpput 4263222-si2k-6000000000.zip success
29.06.2015 08:04:40:  
29.06.2015 08:05:10: zipping 4263222-si2k-6000000000.zip success
29.06.2015 08:05:15: ftpput 4263222-si2k-6000000000.zip success
29.06.2015 08:05:15:  
29.06.2015 08:05:45: zipping 4263222-si2k-6000000000.zip success
29.06.2015 08:05:50: ftpput 4263222-si2k-6000000000.zip success
29.06.2015 08:05:50:  
29.06.2015 08:06:20: zipping 4263222-si2k-6000000000.zip success
29.06.2015 08:06:25: ftpput 4263222-si2k-6000000000.zip success
29.06.2015 08:06:25:  
29.06.2015 08:06:56: zipping 4263222-si2k-6000000000.zip success
29.06.2015 08:07:01: ftpput 4263222-si2k-6000000000.zip success
29.06.2015 08:07:01:  
29.06.2015 08:07:31: zipping 4263222-si2k-6000000000.zip success
29.06.2015 08:07:36: ftpput 4263222-si2k-6000000000.zip success
29.06.2015 08:07:36:  
29.06.2015 08:08:06: zipping 4263222-si2k-6000000000.zip success
29.06.2015 08:08:11: ftpput 4263222-si2k-6000000000.zip success
29.06.2015 08:08:11:  
29.06.2015 08:08:41: zipping 4263222-si2k-6000000000.zip success
29.06.2015 08:08:46: ftpput 4263222-si2k-6000000000.zip success
29.06.2015 08:08:46:  
29.06.2015 08:09:16: zipping 4263222-si2k-6000000000.zip success
29.06.2015 08:09:21: ftpput 4263222-si2k-6000000000.zip success
29.06.2015 08:09:21:  
29.06.2015 08:09:51: zipping 4263222-si2k-6000000000.zip success
29.06.2015 08:09:56: ftpput 4263222-si2k-6000000000.zip success
29.06.2015 08:09:56:  
29.06.2015 08:10:26: zipping 4263222-si2k-6000000000.zip success
29.06.2015 08:10:31: ftpput 4263222-si2k-6000000000.zip success
29.06.2015 08:10:31:  
29.06.2015 08:11:01: zipping 4263222-si2k-6000000000.zip success
29.06.2015 08:11:06: ftpput 4263222-si2k-6000000000.zip success
29.06.2015 08:11:06:  
29.06.2015 08:11:36: zipping 4263222-si2k-6000000000.zip success
29.06.2015 08:11:42: ftpput 4263222-si2k-6000000000.zip success
29.06.2015 08:11:42:  
29.06.2015 08:12:12: zipping 4263222-si2k-6000000000.zip success
29.06.2015 08:12:17: ftpput 4263222-si2k-6000000000.zip success
29.06.2015 08:12:17:  
29.06.2015 08:12:47: zipping 4263222-si2k-6000000000.zip success
29.06.2015 08:12:52: ftpput 4263222-si2k-6000000000.zip success
29.06.2015 08:12:52:  
29.06.2015 08:13:22: zipping 4263222-si2k-6000000000.zip success
29.06.2015 08:13:27: ftpput 4263222-si2k-6000000000.zip success
29.06.2015 08:13:27:  
29.06.2015 08:13:57: zipping 4263222-si2k-6000000000.zip success
29.06.2015 08:14:02: ftpput 4263222-si2k-6000000000.zip success
29.06.2015 08:14:02:  
29.06.2015 08:14:32: zipping 4263222-si2k-6000000000.zip success
29.06.2015 08:14:37: ftpput 4263222-si2k-6000000000.zip success
29.06.2015 08:14:37:  
29.06.2015 08:15:07: zipping 4263222-si2k-6000000000.zip success
29.06.2015 08:15:12: ftpput 4263222-si2k-6000000000.zip success
29.06.2015 08:15:12:  
29.06.2015 08:15:42: zipping 4263222-si2k-6000000000.zip success
29.06.2015 08:15:47: ftpput 4263222-si2k-6000000000.zip success
29.06.2015 08:15:47:  
29.06.2015 14:07:12: zipping 4263222-si2k-6000000000.zip success
29.06.2015 14:07:23: ftpput 4263222-si2k-6000000000.zip success
29.06.2015 14:07:23:  
29.06.2015 14:07:53: zipping 4263222-si2k-6000000000.zip success
29.06.2015 14:07:58: ftpput 4263222-si2k-6000000000.zip success
29.06.2015 14:07:58:  
29.06.2015 14:08:28: zipping 4263222-si2k-6000000000.zip success
29.06.2015 14:08:33: ftpput 4263222-si2k-6000000000.zip success
29.06.2015 14:08:33:  
29.06.2015 14:09:03: zipping 4263222-si2k-6000000000.zip success
29.06.2015 14:09:09: ftpput 4263222-si2k-6000000000.zip success
29.06.2015 14:09:09:  
29.06.2015 14:09:39: zipping 4263222-si2k-6000000000.zip success
29.06.2015 14:09:47: ftpput 4263222-si2k-6000000000.zip success
29.06.2015 14:09:47:  
29.06.2015 14:10:17: zipping 4263222-si2k-6000000000.zip success
29.06.2015 14:10:22: ftpput 4263222-si2k-6000000000.zip success
29.06.2015 14:10:22:  
29.06.2015 14:10:52: zipping 4263222-si2k-6000000000.zip success
29.06.2015 14:10:57: ftpput 4263222-si2k-6000000000.zip success
29.06.2015 14:10:57:  
29.06.2015 14:11:27: zipping 4263222-si2k-6000000000.zip success
29.06.2015 14:11:32: ftpput 4263222-si2k-6000000000.zip success
29.06.2015 14:11:32:  
29.06.2015 14:12:02: zipping 4263222-si2k-6000000000.zip success
29.06.2015 14:12:07: ftpput 4263222-si2k-6000000000.zip success
29.06.2015 14:12:07:  
29.06.2015 14:12:37: zipping 4263222-si2k-6000000000.zip success
29.06.2015 14:12:42: ftpput 4263222-si2k-6000000000.zip success
29.06.2015 14:12:42:  
29.06.2015 14:13:12: zipping 4263222-si2k-6000000000.zip success
29.06.2015 14:13:17: ftpput 4263222-si2k-6000000000.zip success
29.06.2015 14:13:17:  
29.06.2015 14:13:47: zipping 4263222-si2k-6000000000.zip success
29.06.2015 14:13:53: ftpput 4263222-si2k-6000000000.zip success
29.06.2015 14:13:53:  
29.06.2015 14:14:23: zipping 4263222-si2k-6000000000.zip success
29.06.2015 14:14:28: ftpput 4263222-si2k-6000000000.zip success
29.06.2015 14:14:28:  
29.06.2015 14:14:58: zipping 4263222-si2k-6000000000.zip success
29.06.2015 14:15:04: ftpput 4263222-si2k-6000000000.zip success
29.06.2015 14:15:04:  
29.06.2015 14:15:34: zipping 4263222-si2k-6000000000.zip success
29.06.2015 14:15:39: ftpput 4263222-si2k-6000000000.zip success
29.06.2015 14:15:39:  
29.06.2015 14:16:09: zipping 4263222-si2k-6000000000.zip success
29.06.2015 14:16:14: ftpput 4263222-si2k-6000000000.zip success
29.06.2015 14:16:14:  
29.06.2015 14:16:44: zipping 4263222-si2k-6000000000.zip success
29.06.2015 14:16:51: ftpput 4263222-si2k-6000000000.zip success
29.06.2015 14:16:51:  
29.06.2015 14:17:21: zipping 4263222-si2k-6000000000.zip success
29.06.2015 14:17:27: ftpput 4263222-si2k-6000000000.zip success
29.06.2015 14:17:27:  
29.06.2015 14:17:57: zipping 4263222-si2k-6000000000.zip success
29.06.2015 14:18:02: ftpput 4263222-si2k-6000000000.zip success
29.06.2015 14:18:02:  
29.06.2015 14:18:32: zipping 4263222-si2k-6000000000.zip success
29.06.2015 14:18:37: ftpput 4263222-si2k-6000000000.zip success
29.06.2015 14:18:37:  
29.06.2015 14:19:07: zipping 4263222-si2k-6000000000.zip success
29.06.2015 14:19:13: ftpput 4263222-si2k-6000000000.zip success
29.06.2015 14:19:13:  
29.06.2015 14:19:43: zipping 4263222-si2k-6000000000.zip success
29.06.2015 14:19:49: ftpput 4263222-si2k-6000000000.zip success
29.06.2015 14:19:49:  
29.06.2015 14:20:19: zipping 4263222-si2k-6000000000.zip success
29.06.2015 14:20:26: ftpput 4263222-si2k-6000000000.zip success
29.06.2015 14:20:26:  
29.06.2015 14:20:56: zipping 4263222-si2k-6000000000.zip success
29.06.2015 14:21:02: ftpput 4263222-si2k-6000000000.zip success
29.06.2015 14:21:02:  
29.06.2015 14:21:32: zipping 4263222-si2k-6000000000.zip success
29.06.2015 14:21:37: ftpput 4263222-si2k-6000000000.zip success
29.06.2015 14:21:37:  
29.06.2015 14:22:07: zipping 4263222-si2k-6000000000.zip success
29.06.2015 14:22:13: ftpput 4263222-si2k-6000000000.zip success
29.06.2015 14:22:13:  
29.06.2015 14:22:43: zipping 4263222-si2k-6000000000.zip success
29.06.2015 14:22:48: ftpput 4263222-si2k-6000000000.zip success
29.06.2015 14:22:48:  
29.06.2015 16:32:17: zipping 4263222-si2k-6000000000.zip success
29.06.2015 16:32:28: ftpput 4263222-si2k-6000000000.zip success
29.06.2015 16:32:28:  
29.06.2015 17:48:32: zipping 4263222-si2k-6000000000.zip success
29.06.2015 17:48:41: ftpput 4263222-si2k-6000000000.zip success
29.06.2015 17:48:41:  
29.06.2015 17:49:12: zipping 4263222-si2k-6000000000.zip success
29.06.2015 17:49:17: ftpput 4263222-si2k-6000000000.zip success
29.06.2015 17:49:17:  
29.06.2015 17:49:47: zipping 4263222-si2k-6000000000.zip success
29.06.2015 17:49:52: ftpput 4263222-si2k-6000000000.zip success
29.06.2015 17:49:52:  
29.06.2015 17:50:22: zipping 4263222-si2k-6000000000.zip success
29.06.2015 17:50:27: ftpput 4263222-si2k-6000000000.zip success
29.06.2015 17:50:27:  
29.06.2015 17:50:57: zipping 4263222-si2k-6000000000.zip success
29.06.2015 17:51:03: ftpput 4263222-si2k-6000000000.zip success
29.06.2015 17:51:03:  
29.06.2015 17:51:33: zipping 4263222-si2k-6000000000.zip success
29.06.2015 17:51:38: ftpput 4263222-si2k-6000000000.zip success
29.06.2015 17:51:38:  
29.06.2015 17:52:08: zipping 4263222-si2k-6000000000.zip success
29.06.2015 17:52:14: ftpput 4263222-si2k-6000000000.zip success
29.06.2015 17:52:14:  
29.06.2015 17:52:44: zipping 4263222-si2k-6000000000.zip success
29.06.2015 17:52:49: ftpput 4263222-si2k-6000000000.zip success
29.06.2015 17:52:49:  
29.06.2015 17:53:19: zipping 4263222-si2k-6000000000.zip success
29.06.2015 17:53:24: ftpput 4263222-si2k-6000000000.zip success
29.06.2015 17:53:24:  
29.06.2015 17:53:54: zipping 4263222-si2k-6000000000.zip success
29.06.2015 17:54:00: ftpput 4263222-si2k-6000000000.zip success
29.06.2015 17:54:00:  
29.06.2015 17:54:30: zipping 4263222-si2k-6000000000.zip success
29.06.2015 17:54:35: ftpput 4263222-si2k-6000000000.zip success
29.06.2015 17:54:35:  
29.06.2015 17:55:05: zipping 4263222-si2k-6000000000.zip success
29.06.2015 17:55:10: ftpput 4263222-si2k-6000000000.zip success
29.06.2015 17:55:10:  
29.06.2015 17:55:40: zipping 4263222-si2k-6000000000.zip success
29.06.2015 17:55:45: ftpput 4263222-si2k-6000000000.zip success
29.06.2015 17:55:45:  
29.06.2015 17:56:15: zipping 4263222-si2k-6000000000.zip success
29.06.2015 17:56:20: ftpput 4263222-si2k-6000000000.zip success
29.06.2015 17:56:20:  
29.06.2015 17:56:50: zipping 4263222-si2k-6000000000.zip success
29.06.2015 17:56:55: ftpput 4263222-si2k-6000000000.zip success
29.06.2015 17:56:55:  
29.06.2015 17:57:25: zipping 4263222-si2k-6000000000.zip success
29.06.2015 17:57:31: ftpput 4263222-si2k-6000000000.zip success
29.06.2015 17:57:31:  
29.06.2015 17:58:01: zipping 4263222-si2k-6000000000.zip success
29.06.2015 17:58:06: ftpput 4263222-si2k-6000000000.zip success
29.06.2015 17:58:06:  
29.06.2015 17:58:36: zipping 4263222-si2k-6000000000.zip success
29.06.2015 17:58:41: ftpput 4263222-si2k-6000000000.zip success
29.06.2015 17:58:41:  
29.06.2015 17:59:11: zipping 4263222-si2k-6000000000.zip success
29.06.2015 17:59:17: ftpput 4263222-si2k-6000000000.zip success
29.06.2015 17:59:17:  
29.06.2015 17:59:47: zipping 4263222-si2k-6000000000.zip success
29.06.2015 17:59:52: ftpput 4263222-si2k-6000000000.zip success
29.06.2015 17:59:52:  
29.06.2015 18:00:22: zipping 4263222-si2k-6000000000.zip success
29.06.2015 18:00:27: ftpput 4263222-si2k-6000000000.zip success
29.06.2015 18:00:27:  
29.06.2015 18:00:57: zipping 4263222-si2k-6000000000.zip success
29.06.2015 18:01:02: ftpput 4263222-si2k-6000000000.zip success
29.06.2015 18:01:02:  
29.06.2015 18:01:32: zipping 4263222-si2k-6000000000.zip success
29.06.2015 18:01:37: ftpput 4263222-si2k-6000000000.zip success
29.06.2015 18:01:37:  
29.06.2015 18:02:07: zipping 4263222-si2k-6000000000.zip success
29.06.2015 18:02:13: ftpput 4263222-si2k-6000000000.zip success
29.06.2015 18:02:13:  
29.06.2015 18:02:43: zipping 4263222-si2k-6000000000.zip success
29.06.2015 18:02:48: ftpput 4263222-si2k-6000000000.zip success
29.06.2015 18:02:48:  
29.06.2015 18:03:18: zipping 4263222-si2k-6000000000.zip success
29.06.2015 18:03:23: ftpput 4263222-si2k-6000000000.zip success
29.06.2015 18:03:23:  
29.06.2015 18:03:53: zipping 4263222-si2k-6000000000.zip success
29.06.2015 18:03:59: ftpput 4263222-si2k-6000000000.zip success
29.06.2015 18:03:59:  
29.06.2015 18:04:29: zipping 4263222-si2k-6000000000.zip success
29.06.2015 18:04:34: ftpput 4263222-si2k-6000000000.zip success
29.06.2015 18:04:34:  
29.06.2015 18:05:04: zipping 4263222-si2k-6000000000.zip success
29.06.2015 18:05:09: ftpput 4263222-si2k-6000000000.zip success
29.06.2015 18:05:09:  
29.06.2015 18:05:39: zipping 4263222-si2k-6000000000.zip success
29.06.2015 18:05:45: ftpput 4263222-si2k-6000000000.zip success
29.06.2015 18:05:45:  
29.06.2015 18:06:15: zipping 4263222-si2k-6000000000.zip success
29.06.2015 18:06:21: ftpput 4263222-si2k-6000000000.zip success
29.06.2015 18:06:21:  
29.06.2015 18:06:51: zipping 4263222-si2k-6000000000.zip success
29.06.2015 18:06:57: ftpput 4263222-si2k-6000000000.zip success
29.06.2015 18:06:57:  
29.06.2015 18:07:27: zipping 4263222-si2k-6000000000.zip success
29.06.2015 18:07:32: ftpput 4263222-si2k-6000000000.zip success
29.06.2015 18:07:32:  
29.06.2015 18:08:02: zipping 4263222-si2k-6000000000.zip success
29.06.2015 18:08:07: ftpput 4263222-si2k-6000000000.zip success
29.06.2015 18:08:07:  
29.06.2015 18:08:37: zipping 4263222-si2k-6000000000.zip success
29.06.2015 18:08:42: ftpput 4263222-si2k-6000000000.zip success
29.06.2015 18:08:42:  
29.06.2015 18:09:12: zipping 4263222-si2k-6000000000.zip success
29.06.2015 18:09:18: ftpput 4263222-si2k-6000000000.zip success
29.06.2015 18:09:18:  
29.06.2015 18:09:48: zipping 4263222-si2k-6000000000.zip success
29.06.2015 18:09:53: ftpput 4263222-si2k-6000000000.zip success
29.06.2015 18:09:53:  
29.06.2015 18:10:23: zipping 4263222-si2k-6000000000.zip success
29.06.2015 18:10:29: ftpput 4263222-si2k-6000000000.zip success
29.06.2015 18:10:29:  
29.06.2015 18:10:59: zipping 4263222-si2k-6000000000.zip success
29.06.2015 18:11:04: ftpput 4263222-si2k-6000000000.zip success
29.06.2015 18:11:04:  
29.06.2015 18:11:34: zipping 4263222-si2k-6000000000.zip success
29.06.2015 18:11:39: ftpput 4263222-si2k-6000000000.zip success
29.06.2015 18:11:39:  
29.06.2015 18:12:09: zipping 4263222-si2k-6000000000.zip success
29.06.2015 18:12:14: ftpput 4263222-si2k-6000000000.zip success
29.06.2015 18:12:14:  
29.06.2015 18:12:44: zipping 4263222-si2k-6000000000.zip success
29.06.2015 18:12:49: ftpput 4263222-si2k-6000000000.zip success
29.06.2015 18:12:49:  
29.06.2015 18:13:19: zipping 4263222-si2k-6000000000.zip success
29.06.2015 18:13:26: ftpput 4263222-si2k-6000000000.zip success
29.06.2015 18:13:26:  
29.06.2015 18:13:56: zipping 4263222-si2k-6000000000.zip success
29.06.2015 18:14:02: ftpput 4263222-si2k-6000000000.zip success
29.06.2015 18:14:02:  
29.06.2015 18:14:32: zipping 4263222-si2k-6000000000.zip success
29.06.2015 18:14:37: ftpput 4263222-si2k-6000000000.zip success
29.06.2015 18:14:37:  
29.06.2015 18:15:07: zipping 4263222-si2k-6000000000.zip success
29.06.2015 18:15:13: ftpput 4263222-si2k-6000000000.zip success
29.06.2015 18:15:13:  
29.06.2015 18:15:43: zipping 4263222-si2k-6000000000.zip success
29.06.2015 18:15:48: ftpput 4263222-si2k-6000000000.zip success
29.06.2015 18:15:48:  
29.06.2015 18:16:18: zipping 4263222-si2k-6000000000.zip success
29.06.2015 18:16:23: ftpput 4263222-si2k-6000000000.zip success
29.06.2015 18:16:23:  
29.06.2015 18:16:53: zipping 4263222-si2k-6000000000.zip success
29.06.2015 18:16:58: ftpput 4263222-si2k-6000000000.zip success
29.06.2015 18:16:58:  
29.06.2015 18:17:28: zipping 4263222-si2k-6000000000.zip success
29.06.2015 18:17:34: ftpput 4263222-si2k-6000000000.zip success
29.06.2015 18:17:34:  
29.06.2015 18:18:04: zipping 4263222-si2k-6000000000.zip success
29.06.2015 18:18:09: ftpput 4263222-si2k-6000000000.zip success
29.06.2015 18:18:09:  
29.06.2015 18:18:39: zipping 4263222-si2k-6000000000.zip success
29.06.2015 18:18:45: ftpput 4263222-si2k-6000000000.zip success
29.06.2015 18:18:45:  
29.06.2015 18:19:15: zipping 4263222-si2k-6000000000.zip success
29.06.2015 18:19:20: ftpput 4263222-si2k-6000000000.zip success
29.06.2015 18:19:20:  
29.06.2015 18:19:50: zipping 4263222-si2k-6000000000.zip success
29.06.2015 18:20:00: ftpput 4263222-si2k-6000000000.zip success
29.06.2015 18:20:00:  
29.06.2015 18:20:30: zipping 4263222-si2k-6000000000.zip success
29.06.2015 18:20:37: ftpput 4263222-si2k-6000000000.zip success
29.06.2015 18:20:37:  
29.06.2015 18:21:07: zipping 4263222-si2k-6000000000.zip success
29.06.2015 18:21:13: ftpput 4263222-si2k-6000000000.zip success
29.06.2015 18:21:13:  
29.06.2015 18:21:43: zipping 4263222-si2k-6000000000.zip success
29.06.2015 18:21:48: ftpput 4263222-si2k-6000000000.zip success
29.06.2015 18:21:48:  
29.06.2015 18:22:18: zipping 4263222-si2k-6000000000.zip success
29.06.2015 18:22:24: ftpput 4263222-si2k-6000000000.zip success
29.06.2015 18:22:24:  
29.06.2015 18:22:54: zipping 4263222-si2k-6000000000.zip success
29.06.2015 18:22:59: ftpput 4263222-si2k-6000000000.zip success
29.06.2015 18:22:59:  
29.06.2015 18:23:29: zipping 4263222-si2k-6000000000.zip success
29.06.2015 18:23:35: ftpput 4263222-si2k-6000000000.zip success
29.06.2015 18:23:35:  
29.06.2015 18:24:05: zipping 4263222-si2k-6000000000.zip success
29.06.2015 18:24:11: ftpput 4263222-si2k-6000000000.zip success
29.06.2015 18:24:11:  
29.06.2015 18:24:41: zipping 4263222-si2k-6000000000.zip success
29.06.2015 18:24:47: ftpput 4263222-si2k-6000000000.zip success
29.06.2015 18:24:47:  
29.06.2015 18:25:17: zipping 4263222-si2k-6000000000.zip success
29.06.2015 18:25:22: ftpput 4263222-si2k-6000000000.zip success
29.06.2015 18:25:22:  
29.06.2015 18:25:52: zipping 4263222-si2k-6000000000.zip success
29.06.2015 18:25:57: ftpput 4263222-si2k-6000000000.zip success
29.06.2015 18:25:57:  
29.06.2015 18:26:27: zipping 4263222-si2k-6000000000.zip success
29.06.2015 18:26:32: ftpput 4263222-si2k-6000000000.zip success
29.06.2015 18:26:32:  
29.06.2015 18:27:02: zipping 4263222-si2k-6000000000.zip success
29.06.2015 18:27:08: ftpput 4263222-si2k-6000000000.zip success
29.06.2015 18:27:08:  
29.06.2015 18:27:38: zipping 4263222-si2k-6000000000.zip success
29.06.2015 18:27:43: ftpput 4263222-si2k-6000000000.zip success
29.06.2015 18:27:43:  
29.06.2015 18:28:13: zipping 4263222-si2k-6000000000.zip success
29.06.2015 18:28:18: ftpput 4263222-si2k-6000000000.zip success
29.06.2015 18:28:18:  
29.06.2015 18:28:48: zipping 4263222-si2k-6000000000.zip success
29.06.2015 18:28:54: ftpput 4263222-si2k-6000000000.zip success
29.06.2015 18:28:54:  
29.06.2015 18:29:24: zipping 4263222-si2k-6000000000.zip success
29.06.2015 18:29:29: ftpput 4263222-si2k-6000000000.zip success
29.06.2015 18:29:29:  
29.06.2015 18:29:59: zipping 4263222-si2k-6000000000.zip success
29.06.2015 18:30:05: ftpput 4263222-si2k-6000000000.zip success
29.06.2015 18:30:05:  
29.06.2015 18:30:35: zipping 4263222-si2k-6000000000.zip success
29.06.2015 18:30:40: ftpput 4263222-si2k-6000000000.zip success
29.06.2015 18:30:40:  
29.06.2015 18:31:10: zipping 4263222-si2k-6000000000.zip success
29.06.2015 18:31:17: ftpput 4263222-si2k-6000000000.zip success
29.06.2015 18:31:17:  
29.06.2015 18:31:47: zipping 4263222-si2k-6000000000.zip success
29.06.2015 18:31:52: ftpput 4263222-si2k-6000000000.zip success
29.06.2015 18:31:52:  
29.06.2015 18:32:22: zipping 4263222-si2k-6000000000.zip success
29.06.2015 18:32:27: ftpput 4263222-si2k-6000000000.zip success
29.06.2015 18:32:27:  
29.06.2015 18:32:57: zipping 4263222-si2k-6000000000.zip success
29.06.2015 18:33:02: ftpput 4263222-si2k-6000000000.zip success
29.06.2015 18:33:02:  
29.06.2015 18:33:32: zipping 4263222-si2k-6000000000.zip success
29.06.2015 18:33:38: ftpput 4263222-si2k-6000000000.zip success
29.06.2015 18:33:38:  
29.06.2015 18:34:08: zipping 4263222-si2k-6000000000.zip success
29.06.2015 18:34:13: ftpput 4263222-si2k-6000000000.zip success
29.06.2015 18:34:13:  
29.06.2015 18:34:43: zipping 4263222-si2k-6000000000.zip success
29.06.2015 18:34:48: ftpput 4263222-si2k-6000000000.zip success
29.06.2015 18:34:48:  
29.06.2015 18:35:18: zipping 4263222-si2k-6000000000.zip success
29.06.2015 18:35:24: ftpput 4263222-si2k-6000000000.zip success
29.06.2015 18:35:24:  
29.06.2015 18:35:54: zipping 4263222-si2k-6000000000.zip success
29.06.2015 18:35:59: ftpput 4263222-si2k-6000000000.zip success
29.06.2015 18:35:59:  
29.06.2015 18:36:29: zipping 4263222-si2k-6000000000.zip success
29.06.2015 18:36:35: ftpput 4263222-si2k-6000000000.zip success
29.06.2015 18:36:35:  
29.06.2015 18:37:05: zipping 4263222-si2k-6000000000.zip success
29.06.2015 18:37:10: ftpput 4263222-si2k-6000000000.zip success
29.06.2015 18:37:10:  
29.06.2015 18:37:40: zipping 4263222-si2k-6000000000.zip success
29.06.2015 18:37:45: ftpput 4263222-si2k-6000000000.zip success
29.06.2015 18:37:45:  
29.06.2015 18:38:16: zipping 4263222-si2k-6000000000.zip success
29.06.2015 18:38:21: ftpput 4263222-si2k-6000000000.zip success
29.06.2015 18:38:21:  
29.06.2015 18:38:51: zipping 4263222-si2k-6000000000.zip success
29.06.2015 18:38:56: ftpput 4263222-si2k-6000000000.zip success
29.06.2015 18:38:56:  
29.06.2015 18:39:26: zipping 4263222-si2k-6000000000.zip success
29.06.2015 18:39:31: ftpput 4263222-si2k-6000000000.zip success
29.06.2015 18:39:31:  
29.06.2015 18:40:02: zipping 4263222-si2k-6000000000.zip success
29.06.2015 18:40:07: ftpput 4263222-si2k-6000000000.zip success
29.06.2015 18:40:07:  
29.06.2015 18:40:37: zipping 4263222-si2k-6000000000.zip success
29.06.2015 18:40:42: ftpput 4263222-si2k-6000000000.zip success
29.06.2015 18:40:42:  
29.06.2015 18:41:12: zipping 4263222-si2k-6000000000.zip success
29.06.2015 18:41:17: ftpput 4263222-si2k-6000000000.zip success
29.06.2015 18:41:17:  
29.06.2015 18:41:47: zipping 4263222-si2k-6000000000.zip success
29.06.2015 18:41:52: ftpput 4263222-si2k-6000000000.zip success
29.06.2015 18:41:52:  
29.06.2015 18:42:22: zipping 4263222-si2k-6000000000.zip success
29.06.2015 18:42:27: ftpput 4263222-si2k-6000000000.zip success
29.06.2015 18:42:27:  
29.06.2015 18:42:58: zipping 4263222-si2k-6000000000.zip success
29.06.2015 18:43:03: ftpput 4263222-si2k-6000000000.zip success
29.06.2015 18:43:03:  
29.06.2015 18:43:33: zipping 4263222-si2k-6000000000.zip success
29.06.2015 18:43:38: ftpput 4263222-si2k-6000000000.zip success
29.06.2015 18:43:38:  
29.06.2015 18:44:08: zipping 4263222-si2k-6000000000.zip success
29.06.2015 18:44:14: ftpput 4263222-si2k-6000000000.zip success
29.06.2015 18:44:14:  
29.06.2015 18:44:44: zipping 4263222-si2k-6000000000.zip success
29.06.2015 18:44:49: ftpput 4263222-si2k-6000000000.zip success
29.06.2015 18:44:49:  
29.06.2015 18:45:19: zipping 4263222-si2k-6000000000.zip success
29.06.2015 18:45:24: ftpput 4263222-si2k-6000000000.zip success
29.06.2015 18:45:24:  
29.06.2015 18:45:54: zipping 4263222-si2k-6000000000.zip success
29.06.2015 18:45:59: ftpput 4263222-si2k-6000000000.zip success
29.06.2015 18:45:59:  
29.06.2015 18:46:29: zipping 4263222-si2k-6000000000.zip success
29.06.2015 18:46:34: ftpput 4263222-si2k-6000000000.zip success
29.06.2015 18:46:34:  
29.06.2015 18:47:04: zipping 4263222-si2k-6000000000.zip success
29.06.2015 18:47:10: ftpput 4263222-si2k-6000000000.zip success
29.06.2015 18:47:10:  
29.06.2015 18:47:40: zipping 4263222-si2k-6000000000.zip success
29.06.2015 18:47:45: ftpput 4263222-si2k-6000000000.zip success
29.06.2015 18:47:45:  
29.06.2015 18:48:15: zipping 4263222-si2k-6000000000.zip success
29.06.2015 18:48:20: ftpput 4263222-si2k-6000000000.zip success
29.06.2015 18:48:20:  
29.06.2015 18:48:50: zipping 4263222-si2k-6000000000.zip success
29.06.2015 18:48:56: ftpput 4263222-si2k-6000000000.zip success
29.06.2015 18:48:56:  
29.06.2015 18:49:26: zipping 4263222-si2k-6000000000.zip success
29.06.2015 18:49:31: ftpput 4263222-si2k-6000000000.zip success
29.06.2015 18:49:31:  
29.06.2015 18:50:01: zipping 4263222-si2k-6000000000.zip success
29.06.2015 18:50:07: ftpput 4263222-si2k-6000000000.zip success
29.06.2015 18:50:07:  
29.06.2015 18:50:37: zipping 4263222-si2k-6000000000.zip success
29.06.2015 18:50:42: ftpput 4263222-si2k-6000000000.zip success
29.06.2015 18:50:42:  
29.06.2015 18:51:12: zipping 4263222-si2k-6000000000.zip success
29.06.2015 18:51:17: ftpput 4263222-si2k-6000000000.zip success
29.06.2015 18:51:17:  
29.06.2015 18:51:47: zipping 4263222-si2k-6000000000.zip success
29.06.2015 18:51:53: ftpput 4263222-si2k-6000000000.zip success
29.06.2015 18:51:53:  
29.06.2015 18:52:23: zipping 4263222-si2k-6000000000.zip success
29.06.2015 18:52:28: ftpput 4263222-si2k-6000000000.zip success
29.06.2015 18:52:28:  
29.06.2015 18:52:58: zipping 4263222-si2k-6000000000.zip success
29.06.2015 18:53:03: ftpput 4263222-si2k-6000000000.zip success
29.06.2015 18:53:03:  
29.06.2015 18:53:33: zipping 4263222-si2k-6000000000.zip success
29.06.2015 18:53:38: ftpput 4263222-si2k-6000000000.zip success
29.06.2015 18:53:38:  
29.06.2015 18:54:08: zipping 4263222-si2k-6000000000.zip success
29.06.2015 18:54:14: ftpput 4263222-si2k-6000000000.zip success
29.06.2015 18:54:14:  
29.06.2015 18:54:44: zipping 4263222-si2k-6000000000.zip success
29.06.2015 18:54:49: ftpput 4263222-si2k-6000000000.zip success
29.06.2015 18:54:49:  
29.06.2015 18:55:19: zipping 4263222-si2k-6000000000.zip success
29.06.2015 18:55:24: ftpput 4263222-si2k-6000000000.zip success
29.06.2015 18:55:24:  
29.06.2015 18:55:54: zipping 4263222-si2k-6000000000.zip success
29.06.2015 18:55:59: ftpput 4263222-si2k-6000000000.zip success
29.06.2015 18:55:59:  
29.06.2015 18:56:29: zipping 4263222-si2k-6000000000.zip success
29.06.2015 18:56:35: ftpput 4263222-si2k-6000000000.zip success
29.06.2015 18:56:35:  
29.06.2015 18:57:05: zipping 4263222-si2k-6000000000.zip success
29.06.2015 18:57:10: ftpput 4263222-si2k-6000000000.zip success
29.06.2015 18:57:10:  
29.06.2015 18:57:40: zipping 4263222-si2k-6000000000.zip success
29.06.2015 18:57:45: ftpput 4263222-si2k-6000000000.zip success
29.06.2015 18:57:45:  
29.06.2015 18:58:15: zipping 4263222-si2k-6000000000.zip success
29.06.2015 18:58:21: ftpput 4263222-si2k-6000000000.zip success
29.06.2015 18:58:21:  
29.06.2015 18:58:51: zipping 4263222-si2k-6000000000.zip success
29.06.2015 18:58:56: ftpput 4263222-si2k-6000000000.zip success
29.06.2015 18:58:56:  
29.06.2015 18:59:26: zipping 4263222-si2k-6000000000.zip success
29.06.2015 18:59:31: ftpput 4263222-si2k-6000000000.zip success
29.06.2015 18:59:31:  
29.06.2015 19:00:01: zipping 4263222-si2k-6000000000.zip success
29.06.2015 19:00:07: ftpput 4263222-si2k-6000000000.zip success
29.06.2015 19:00:07:  
29.06.2015 19:00:37: zipping 4263222-si2k-6000000000.zip success
29.06.2015 19:00:42: ftpput 4263222-si2k-6000000000.zip success
29.06.2015 19:00:42:  
29.06.2015 19:01:12: zipping 4263222-si2k-6000000000.zip success
29.06.2015 19:01:17: ftpput 4263222-si2k-6000000000.zip success
29.06.2015 19:01:17:  
29.06.2015 19:01:47: zipping 4263222-si2k-6000000000.zip success
29.06.2015 19:01:52: ftpput 4263222-si2k-6000000000.zip success
29.06.2015 19:01:52:  
29.06.2015 19:02:22: zipping 4263222-si2k-6000000000.zip success
29.06.2015 19:02:28: ftpput 4263222-si2k-6000000000.zip success
29.06.2015 19:02:28:  
29.06.2015 19:02:58: zipping 4263222-si2k-6000000000.zip success
29.06.2015 19:03:03: ftpput 4263222-si2k-6000000000.zip success
29.06.2015 19:03:03:  
29.06.2015 19:03:33: zipping 4263222-si2k-6000000000.zip success
29.06.2015 19:03:38: ftpput 4263222-si2k-6000000000.zip success
29.06.2015 19:03:38:  
29.06.2015 19:04:08: zipping 4263222-si2k-6000000000.zip success
29.06.2015 19:04:14: ftpput 4263222-si2k-6000000000.zip success
29.06.2015 19:04:14:  
29.06.2015 19:04:44: zipping 4263222-si2k-6000000000.zip success
29.06.2015 19:04:49: ftpput 4263222-si2k-6000000000.zip success
29.06.2015 19:04:49:  
29.06.2015 19:05:19: zipping 4263222-si2k-6000000000.zip success
29.06.2015 19:05:25: ftpput 4263222-si2k-6000000000.zip success
29.06.2015 19:05:25:  
29.06.2015 19:05:55: zipping 4263222-si2k-6000000000.zip success
29.06.2015 19:06:00: ftpput 4263222-si2k-6000000000.zip success
29.06.2015 19:06:00:  
29.06.2015 19:06:30: zipping 4263222-si2k-6000000000.zip success
29.06.2015 19:06:35: ftpput 4263222-si2k-6000000000.zip success
29.06.2015 19:06:35:  
29.06.2015 19:07:05: zipping 4263222-si2k-6000000000.zip success
29.06.2015 19:07:10: ftpput 4263222-si2k-6000000000.zip success
29.06.2015 19:07:10:  
29.06.2015 19:07:40: zipping 4263222-si2k-6000000000.zip success
29.06.2015 19:07:46: ftpput 4263222-si2k-6000000000.zip success
29.06.2015 19:07:46:  
29.06.2015 19:08:16: zipping 4263222-si2k-6000000000.zip success
29.06.2015 19:08:21: ftpput 4263222-si2k-6000000000.zip success
29.06.2015 19:08:21:  
29.06.2015 19:08:51: zipping 4263222-si2k-6000000000.zip success
29.06.2015 19:08:56: ftpput 4263222-si2k-6000000000.zip success
29.06.2015 19:08:56:  
29.06.2015 19:09:26: zipping 4263222-si2k-6000000000.zip success
29.06.2015 19:09:32: ftpput 4263222-si2k-6000000000.zip success
29.06.2015 19:09:32:  
29.06.2015 19:10:02: zipping 4263222-si2k-6000000000.zip success
29.06.2015 19:10:08: ftpput 4263222-si2k-6000000000.zip success
29.06.2015 19:10:08:  
29.06.2015 19:10:38: zipping 4263222-si2k-6000000000.zip success
29.06.2015 19:10:43: ftpput 4263222-si2k-6000000000.zip success
29.06.2015 19:10:43:  
29.06.2015 19:11:13: zipping 4263222-si2k-6000000000.zip success
29.06.2015 19:11:19: ftpput 4263222-si2k-6000000000.zip success
29.06.2015 19:11:19:  
29.06.2015 19:11:49: zipping 4263222-si2k-6000000000.zip success
29.06.2015 19:11:54: ftpput 4263222-si2k-6000000000.zip success
29.06.2015 19:11:54:  
29.06.2015 19:12:24: zipping 4263222-si2k-6000000000.zip success
29.06.2015 19:12:29: ftpput 4263222-si2k-6000000000.zip success
29.06.2015 19:12:29:  
29.06.2015 19:12:59: zipping 4263222-si2k-6000000000.zip success
29.06.2015 19:13:04: ftpput 4263222-si2k-6000000000.zip success
29.06.2015 19:13:04:  
29.06.2015 19:13:34: zipping 4263222-si2k-6000000000.zip success
29.06.2015 19:13:39: ftpput 4263222-si2k-6000000000.zip success
29.06.2015 19:13:39:  
29.06.2015 19:14:09: zipping 4263222-si2k-6000000000.zip success
29.06.2015 19:14:15: ftpput 4263222-si2k-6000000000.zip success
29.06.2015 19:14:15:  
29.06.2015 19:14:45: zipping 4263222-si2k-6000000000.zip success
29.06.2015 19:14:50: ftpput 4263222-si2k-6000000000.zip success
29.06.2015 19:14:50:  
29.06.2015 19:15:20: zipping 4263222-si2k-6000000000.zip success
29.06.2015 19:15:25: ftpput 4263222-si2k-6000000000.zip success
29.06.2015 19:15:25:  
29.06.2015 19:15:55: zipping 4263222-si2k-6000000000.zip success
29.06.2015 19:16:00: ftpput 4263222-si2k-6000000000.zip success
29.06.2015 19:16:00:  
29.06.2015 19:16:30: zipping 4263222-si2k-6000000000.zip success
29.06.2015 19:16:36: ftpput 4263222-si2k-6000000000.zip success
29.06.2015 19:16:36:  
29.06.2015 19:17:06: zipping 4263222-si2k-6000000000.zip success
29.06.2015 19:17:11: ftpput 4263222-si2k-6000000000.zip success
29.06.2015 19:17:11:  
29.06.2015 19:17:41: zipping 4263222-si2k-6000000000.zip success
29.06.2015 19:17:46: ftpput 4263222-si2k-6000000000.zip success
29.06.2015 19:17:46:  
29.06.2015 19:18:16: zipping 4263222-si2k-6000000000.zip success
29.06.2015 19:18:22: ftpput 4263222-si2k-6000000000.zip success
29.06.2015 19:18:22:  
29.06.2015 19:18:52: zipping 4263222-si2k-6000000000.zip success
29.06.2015 19:18:57: ftpput 4263222-si2k-6000000000.zip success
29.06.2015 19:18:57:  
29.06.2015 19:19:27: zipping 4263222-si2k-6000000000.zip success
29.06.2015 19:19:32: ftpput 4263222-si2k-6000000000.zip success
29.06.2015 19:19:32:  
29.06.2015 19:20:02: zipping 4263222-si2k-6000000000.zip success
29.06.2015 19:20:07: ftpput 4263222-si2k-6000000000.zip success
29.06.2015 19:20:07:  
29.06.2015 19:20:37: zipping 4263222-si2k-6000000000.zip success
29.06.2015 19:20:43: ftpput 4263222-si2k-6000000000.zip success
29.06.2015 19:20:43:  
29.06.2015 19:21:13: zipping 4263222-si2k-6000000000.zip success
29.06.2015 19:21:18: ftpput 4263222-si2k-6000000000.zip success
29.06.2015 19:21:18:  
29.06.2015 19:21:48: zipping 4263222-si2k-6000000000.zip success
29.06.2015 19:21:53: ftpput 4263222-si2k-6000000000.zip success
29.06.2015 19:21:53:  
29.06.2015 19:22:23: zipping 4263222-si2k-6000000000.zip success
29.06.2015 19:22:28: ftpput 4263222-si2k-6000000000.zip success
29.06.2015 19:22:29:  
29.06.2015 19:22:59: zipping 4263222-si2k-6000000000.zip success
29.06.2015 19:23:04: ftpput 4263222-si2k-6000000000.zip success
29.06.2015 19:23:04:  
29.06.2015 19:23:34: zipping 4263222-si2k-6000000000.zip success
29.06.2015 19:23:39: ftpput 4263222-si2k-6000000000.zip success
29.06.2015 19:23:39:  
29.06.2015 19:24:09: zipping 4263222-si2k-6000000000.zip success
29.06.2015 19:24:15: ftpput 4263222-si2k-6000000000.zip success
29.06.2015 19:24:15:  
29.06.2015 19:24:45: zipping 4263222-si2k-6000000000.zip success
29.06.2015 19:24:50: ftpput 4263222-si2k-6000000000.zip success
29.06.2015 19:24:50:  
29.06.2015 19:25:20: zipping 4263222-si2k-6000000000.zip success
29.06.2015 19:25:25: ftpput 4263222-si2k-6000000000.zip success
29.06.2015 19:25:25:  
29.06.2015 19:25:55: zipping 4263222-si2k-6000000000.zip success
29.06.2015 19:26:00: ftpput 4263222-si2k-6000000000.zip success
29.06.2015 19:26:00:  
29.06.2015 19:26:30: zipping 4263222-si2k-6000000000.zip success
29.06.2015 19:26:35: ftpput 4263222-si2k-6000000000.zip success
29.06.2015 19:26:35:  
29.06.2015 19:27:05: zipping 4263222-si2k-6000000000.zip success
29.06.2015 19:27:11: ftpput 4263222-si2k-6000000000.zip success
29.06.2015 19:27:11:  
29.06.2015 19:27:41: zipping 4263222-si2k-6000000000.zip success
29.06.2015 19:27:46: ftpput 4263222-si2k-6000000000.zip success
29.06.2015 19:27:46:  
29.06.2015 19:28:16: zipping 4263222-si2k-6000000000.zip success
29.06.2015 19:28:21: ftpput 4263222-si2k-6000000000.zip success
29.06.2015 19:28:21:  
29.06.2015 19:28:51: zipping 4263222-si2k-6000000000.zip success
29.06.2015 19:28:56: ftpput 4263222-si2k-6000000000.zip success
29.06.2015 19:28:56:  
29.06.2015 19:29:26: zipping 4263222-si2k-6000000000.zip success
29.06.2015 19:29:33: ftpput 4263222-si2k-6000000000.zip success
29.06.2015 19:29:33:  
29.06.2015 19:30:03: zipping 4263222-si2k-6000000000.zip success
29.06.2015 19:30:08: ftpput 4263222-si2k-6000000000.zip success
29.06.2015 19:30:08:  
29.06.2015 19:30:38: zipping 4263222-si2k-6000000000.zip success
29.06.2015 19:30:43: ftpput 4263222-si2k-6000000000.zip success
29.06.2015 19:30:43:  
29.06.2015 19:31:13: zipping 4263222-si2k-6000000000.zip success
29.06.2015 19:31:18: ftpput 4263222-si2k-6000000000.zip success
29.06.2015 19:31:18:  
29.06.2015 19:31:48: zipping 4263222-si2k-6000000000.zip success
29.06.2015 19:31:53: ftpput 4263222-si2k-6000000000.zip success
29.06.2015 19:31:53:  
29.06.2015 19:32:23: zipping 4263222-si2k-6000000000.zip success
29.06.2015 19:32:29: ftpput 4263222-si2k-6000000000.zip success
29.06.2015 19:32:29:  
29.06.2015 19:32:59: zipping 4263222-si2k-6000000000.zip success
29.06.2015 19:33:04: ftpput 4263222-si2k-6000000000.zip success
29.06.2015 19:33:04:  
29.06.2015 19:33:34: zipping 4263222-si2k-6000000000.zip success
29.06.2015 19:33:40: ftpput 4263222-si2k-6000000000.zip success
29.06.2015 19:33:40:  
29.06.2015 19:34:10: zipping 4263222-si2k-6000000000.zip success
29.06.2015 19:34:15: ftpput 4263222-si2k-6000000000.zip success
29.06.2015 19:34:15:  
29.06.2015 19:34:45: zipping 4263222-si2k-6000000000.zip success
29.06.2015 19:34:52: ftpput 4263222-si2k-6000000000.zip success
29.06.2015 19:34:52:  
29.06.2015 19:35:22: zipping 4263222-si2k-6000000000.zip success
29.06.2015 19:35:29: ftpput 4263222-si2k-6000000000.zip success
29.06.2015 19:35:29:  
29.06.2015 19:35:59: zipping 4263222-si2k-6000000000.zip success
29.06.2015 19:36:05: ftpput 4263222-si2k-6000000000.zip success
29.06.2015 19:36:05:  
29.06.2015 19:36:35: zipping 4263222-si2k-6000000000.zip success
29.06.2015 19:36:41: ftpput 4263222-si2k-6000000000.zip success
29.06.2015 19:36:41:  
29.06.2015 19:37:11: zipping 4263222-si2k-6000000000.zip success
29.06.2015 19:37:16: ftpput 4263222-si2k-6000000000.zip success
29.06.2015 19:37:16:  
29.06.2015 19:37:46: zipping 4263222-si2k-6000000000.zip success
29.06.2015 19:37:51: ftpput 4263222-si2k-6000000000.zip success
29.06.2015 19:37:51:  
29.06.2015 19:38:21: zipping 4263222-si2k-6000000000.zip success
29.06.2015 19:38:26: ftpput 4263222-si2k-6000000000.zip success
29.06.2015 19:38:26:  
29.06.2015 19:38:56: zipping 4263222-si2k-6000000000.zip success
29.06.2015 19:39:02: ftpput 4263222-si2k-6000000000.zip success
29.06.2015 19:39:02:  
29.06.2015 19:39:32: zipping 4263222-si2k-6000000000.zip success
29.06.2015 19:39:37: ftpput 4263222-si2k-6000000000.zip success
29.06.2015 19:39:37:  
29.06.2015 19:40:07: zipping 4263222-si2k-6000000000.zip success
29.06.2015 19:40:12: ftpput 4263222-si2k-6000000000.zip success
29.06.2015 19:40:12:  
29.06.2015 19:40:42: zipping 4263222-si2k-6000000000.zip success
29.06.2015 19:40:47: ftpput 4263222-si2k-6000000000.zip success
29.06.2015 19:40:47:  
29.06.2015 19:41:17: zipping 4263222-si2k-6000000000.zip success
29.06.2015 19:41:22: ftpput 4263222-si2k-6000000000.zip success
29.06.2015 19:41:22:  
29.06.2015 19:41:52: zipping 4263222-si2k-6000000000.zip success
29.06.2015 19:41:57: ftpput 4263222-si2k-6000000000.zip success
29.06.2015 19:41:57:  
29.06.2015 19:42:27: zipping 4263222-si2k-6000000000.zip success
29.06.2015 19:42:33: ftpput 4263222-si2k-6000000000.zip success
29.06.2015 19:42:33:  
29.06.2015 19:43:03: zipping 4263222-si2k-6000000000.zip success
29.06.2015 19:43:08: ftpput 4263222-si2k-6000000000.zip success
29.06.2015 19:43:08:  
29.06.2015 19:43:38: zipping 4263222-si2k-6000000000.zip success
29.06.2015 19:43:43: ftpput 4263222-si2k-6000000000.zip success
29.06.2015 19:43:43:  
29.06.2015 19:44:13: zipping 4263222-si2k-6000000000.zip success
29.06.2015 19:44:19: ftpput 4263222-si2k-6000000000.zip success
29.06.2015 19:44:19:  
29.06.2015 19:44:49: zipping 4263222-si2k-6000000000.zip success
29.06.2015 19:44:54: ftpput 4263222-si2k-6000000000.zip success
29.06.2015 19:44:54:  
29.06.2015 19:45:24: zipping 4263222-si2k-6000000000.zip success
29.06.2015 19:45:29: ftpput 4263222-si2k-6000000000.zip success
29.06.2015 19:45:29:  
29.06.2015 19:45:59: zipping 4263222-si2k-6000000000.zip success
29.06.2015 19:46:05: ftpput 4263222-si2k-6000000000.zip success
29.06.2015 19:46:05:  
29.06.2015 19:46:35: zipping 4263222-si2k-6000000000.zip success
29.06.2015 19:46:42: ftpput 4263222-si2k-6000000000.zip success
29.06.2015 19:46:42:  
29.06.2015 19:47:12: zipping 4263222-si2k-6000000000.zip success
29.06.2015 19:47:20: ftpput 4263222-si2k-6000000000.zip success
29.06.2015 19:47:20:  
29.06.2015 19:47:50: zipping 4263222-si2k-6000000000.zip success
29.06.2015 19:47:57: ftpput 4263222-si2k-6000000000.zip success
29.06.2015 19:47:57:  
29.06.2015 19:48:27: zipping 4263222-si2k-6000000000.zip success
29.06.2015 19:48:33: ftpput 4263222-si2k-6000000000.zip success
29.06.2015 19:48:33:  
29.06.2015 19:49:03: zipping 4263222-si2k-6000000000.zip success
29.06.2015 19:49:08: ftpput 4263222-si2k-6000000000.zip success
29.06.2015 19:49:08:  
29.06.2015 19:49:38: zipping 4263222-si2k-6000000000.zip success
29.06.2015 19:49:43: ftpput 4263222-si2k-6000000000.zip success
29.06.2015 19:49:43:  
29.06.2015 19:50:13: zipping 4263222-si2k-6000000000.zip success
29.06.2015 19:50:20: ftpput 4263222-si2k-6000000000.zip success
29.06.2015 19:50:20:  
29.06.2015 19:50:50: zipping 4263222-si2k-6000000000.zip success
29.06.2015 19:50:57: ftpput 4263222-si2k-6000000000.zip success
29.06.2015 19:50:57:  
29.06.2015 19:51:27: zipping 4263222-si2k-6000000000.zip success
29.06.2015 19:51:32: ftpput 4263222-si2k-6000000000.zip success
29.06.2015 19:51:32:  
29.06.2015 19:52:02: zipping 4263222-si2k-6000000000.zip success
29.06.2015 19:52:08: ftpput 4263222-si2k-6000000000.zip success
29.06.2015 19:52:08:  
29.06.2015 19:52:38: zipping 4263222-si2k-6000000000.zip success
29.06.2015 19:52:43: ftpput 4263222-si2k-6000000000.zip success
29.06.2015 19:52:43:  
29.06.2015 19:53:13: zipping 4263222-si2k-6000000000.zip success
29.06.2015 19:53:19: ftpput 4263222-si2k-6000000000.zip success
29.06.2015 19:53:19:  
29.06.2015 19:53:49: zipping 4263222-si2k-6000000000.zip success
29.06.2015 19:53:54: ftpput 4263222-si2k-6000000000.zip success
29.06.2015 19:53:54:  
29.06.2015 19:54:24: zipping 4263222-si2k-6000000000.zip success
29.06.2015 19:54:29: ftpput 4263222-si2k-6000000000.zip success
29.06.2015 19:54:29:  
29.06.2015 19:54:59: zipping 4263222-si2k-6000000000.zip success
29.06.2015 19:55:04: ftpput 4263222-si2k-6000000000.zip success
29.06.2015 19:55:04:  
29.06.2015 19:55:34: zipping 4263222-si2k-6000000000.zip success
29.06.2015 19:55:39: ftpput 4263222-si2k-6000000000.zip success
29.06.2015 19:55:39:  
29.06.2015 19:56:09: zipping 4263222-si2k-6000000000.zip success
29.06.2015 19:56:14: ftpput 4263222-si2k-6000000000.zip success
29.06.2015 19:56:14:  
29.06.2015 19:56:44: zipping 4263222-si2k-6000000000.zip success
29.06.2015 19:56:49: ftpput 4263222-si2k-6000000000.zip success
29.06.2015 19:56:49:  
29.06.2015 19:57:19: zipping 4263222-si2k-6000000000.zip success
29.06.2015 19:57:25: ftpput 4263222-si2k-6000000000.zip success
29.06.2015 19:57:25:  
29.06.2015 19:57:55: zipping 4263222-si2k-6000000000.zip success
29.06.2015 19:58:00: ftpput 4263222-si2k-6000000000.zip success
29.06.2015 19:58:00:  
29.06.2015 19:58:30: zipping 4263222-si2k-6000000000.zip success
29.06.2015 19:58:35: ftpput 4263222-si2k-6000000000.zip success
29.06.2015 19:58:35:  
29.06.2015 19:59:05: zipping 4263222-si2k-6000000000.zip success
29.06.2015 19:59:10: ftpput 4263222-si2k-6000000000.zip success
29.06.2015 19:59:10:  
29.06.2015 19:59:40: zipping 4263222-si2k-6000000000.zip success
29.06.2015 19:59:45: ftpput 4263222-si2k-6000000000.zip success
29.06.2015 19:59:45:  
29.06.2015 20:00:15: zipping 4263222-si2k-6000000000.zip success
29.06.2015 20:00:20: ftpput 4263222-si2k-6000000000.zip success
29.06.2015 20:00:20:  
29.06.2015 20:00:50: zipping 4263222-si2k-6000000000.zip success
29.06.2015 20:00:55: ftpput 4263222-si2k-6000000000.zip success
29.06.2015 20:00:55:  
29.06.2015 20:01:25: zipping 4263222-si2k-6000000000.zip success
29.06.2015 20:01:31: ftpput 4263222-si2k-6000000000.zip success
29.06.2015 20:01:31:  
29.06.2015 20:02:01: zipping 4263222-si2k-6000000000.zip success
29.06.2015 20:02:06: ftpput 4263222-si2k-6000000000.zip success
29.06.2015 20:02:06:  
29.06.2015 20:02:36: zipping 4263222-si2k-6000000000.zip success
29.06.2015 20:02:41: ftpput 4263222-si2k-6000000000.zip success
29.06.2015 20:02:41:  
29.06.2015 20:03:11: zipping 4263222-si2k-6000000000.zip success
29.06.2015 20:03:17: ftpput 4263222-si2k-6000000000.zip success
29.06.2015 20:03:17:  
29.06.2015 20:03:47: zipping 4263222-si2k-6000000000.zip success
29.06.2015 20:03:52: ftpput 4263222-si2k-6000000000.zip success
29.06.2015 20:03:52:  
29.06.2015 20:04:22: zipping 4263222-si2k-6000000000.zip success
29.06.2015 20:04:28: ftpput 4263222-si2k-6000000000.zip success
29.06.2015 20:04:28:  
29.06.2015 20:04:58: zipping 4263222-si2k-6000000000.zip success
29.06.2015 20:05:05: ftpput 4263222-si2k-6000000000.zip success
29.06.2015 20:05:05:  
29.06.2015 20:05:35: zipping 4263222-si2k-6000000000.zip success
29.06.2015 20:05:40: ftpput 4263222-si2k-6000000000.zip success
29.06.2015 20:05:40:  
29.06.2015 20:06:10: zipping 4263222-si2k-6000000000.zip success
29.06.2015 20:06:15: ftpput 4263222-si2k-6000000000.zip success
29.06.2015 20:06:15:  
29.06.2015 20:06:45: zipping 4263222-si2k-6000000000.zip success
29.06.2015 20:06:52: ftpput 4263222-si2k-6000000000.zip success
29.06.2015 20:06:52:  
29.06.2015 20:07:22: zipping 4263222-si2k-6000000000.zip success
29.06.2015 20:07:27: ftpput 4263222-si2k-6000000000.zip success
29.06.2015 20:07:27:  
29.06.2015 20:07:57: zipping 4263222-si2k-6000000000.zip success
29.06.2015 20:08:04: ftpput 4263222-si2k-6000000000.zip success
29.06.2015 20:08:04:  
29.06.2015 20:08:26: zipping 4263222-si2k-1506290000.zip success
29.06.2015 20:08:31: ftpput 4263222-si2k-1506290000.zip success
29.06.2015 20:08:31:  
29.06.2015 20:08:34: zipping 4263222-si2k-6000000000.zip success
29.06.2015 20:08:39: ftpput 4263222-si2k-6000000000.zip success
29.06.2015 20:08:39:  
29.06.2015 20:09:01: zipping 4263222-si2k-1506290000.zip success
29.06.2015 20:09:06: ftpput 4263222-si2k-1506290000.zip success
29.06.2015 20:09:06:  
29.06.2015 20:09:09: zipping 4263222-si2k-6000000000.zip success
29.06.2015 20:09:14: ftpput 4263222-si2k-6000000000.zip success
29.06.2015 20:09:14:  
29.06.2015 20:09:36: zipping 4263222-si2k-1506290000.zip success
29.06.2015 20:09:44: zipping 4263222-si2k-6000000000.zip success
29.06.2015 20:09:49: ftpput 4263222-si2k-6000000000.zip success
29.06.2015 20:09:49:  
29.06.2015 20:10:19: zipping 4263222-si2k-6000000000.zip success
29.06.2015 20:10:24: ftpput 4263222-si2k-6000000000.zip success
29.06.2015 20:10:24:  
29.06.2015 20:10:54: zipping 4263222-si2k-6000000000.zip success
29.06.2015 20:11:00: ftpput 4263222-si2k-6000000000.zip success
29.06.2015 20:11:00:  
29.06.2015 20:11:30: zipping 4263222-si2k-6000000000.zip success
29.06.2015 20:11:35: ftpput 4263222-si2k-6000000000.zip success
29.06.2015 20:11:35:  
29.06.2015 20:12:05: zipping 4263222-si2k-6000000000.zip success
29.06.2015 20:12:12: ftpput 4263222-si2k-6000000000.zip success
29.06.2015 20:12:12:  
29.06.2015 20:12:42: zipping 4263222-si2k-6000000000.zip success
29.06.2015 20:12:47: ftpput 4263222-si2k-6000000000.zip success
29.06.2015 20:12:47:  
29.06.2015 20:12:49: zipping 4263222-si2k-1506290000.zip success
29.06.2015 20:12:57: ftpput 4263222-si2k-1506290000.zip success
29.06.2015 20:12:57:  
29.06.2015 20:13:17: zipping 4263222-si2k-6000000000.zip success
29.06.2015 20:13:22: ftpput 4263222-si2k-6000000000.zip success
29.06.2015 20:13:22:  
29.06.2015 20:13:52: zipping 4263222-si2k-6000000000.zip success
29.06.2015 20:13:57: ftpput 4263222-si2k-6000000000.zip success
29.06.2015 20:13:57:  
29.06.2015 20:14:27: zipping 4263222-si2k-6000000000.zip success
29.06.2015 20:14:32: ftpput 4263222-si2k-6000000000.zip success
29.06.2015 20:14:32:  
29.06.2015 20:15:02: zipping 4263222-si2k-6000000000.zip success
29.06.2015 20:15:07: ftpput 4263222-si2k-6000000000.zip success
29.06.2015 20:15:07:  
29.06.2015 20:15:37: zipping 4263222-si2k-6000000000.zip success
29.06.2015 20:15:42: ftpput 4263222-si2k-6000000000.zip success
29.06.2015 20:15:42:  
29.06.2015 20:16:12: zipping 4263222-si2k-6000000000.zip success
29.06.2015 20:16:18: ftpput 4263222-si2k-6000000000.zip success
29.06.2015 20:16:18:  
29.06.2015 20:16:48: zipping 4263222-si2k-6000000000.zip success
29.06.2015 20:16:53: ftpput 4263222-si2k-6000000000.zip success
29.06.2015 20:16:53:  
29.06.2015 20:17:23: zipping 4263222-si2k-6000000000.zip success
29.06.2015 20:17:28: ftpput 4263222-si2k-6000000000.zip success
29.06.2015 20:17:28:  
29.06.2015 20:17:58: zipping 4263222-si2k-6000000000.zip success
29.06.2015 20:18:04: ftpput 4263222-si2k-6000000000.zip success
29.06.2015 20:18:04:  
29.06.2015 20:18:34: zipping 4263222-si2k-6000000000.zip success
29.06.2015 20:18:40: ftpput 4263222-si2k-6000000000.zip success
29.06.2015 20:18:40:  
29.06.2015 20:19:10: zipping 4263222-si2k-6000000000.zip success
29.06.2015 20:19:16: ftpput 4263222-si2k-6000000000.zip success
29.06.2015 20:19:16:  
29.06.2015 20:19:46: zipping 4263222-si2k-6000000000.zip success
29.06.2015 20:19:52: ftpput 4263222-si2k-6000000000.zip success
29.06.2015 20:19:52:  
29.06.2015 20:20:22: zipping 4263222-si2k-6000000000.zip success
29.06.2015 20:20:27: ftpput 4263222-si2k-6000000000.zip success
29.06.2015 20:20:27:  
29.06.2015 20:20:57: zipping 4263222-si2k-6000000000.zip success
29.06.2015 20:21:05: ftpput 4263222-si2k-6000000000.zip success
29.06.2015 20:21:05:  
29.06.2015 20:21:35: zipping 4263222-si2k-6000000000.zip success
29.06.2015 20:21:40: ftpput 4263222-si2k-6000000000.zip success
29.06.2015 20:21:40:  
29.06.2015 20:22:10: zipping 4263222-si2k-6000000000.zip success
29.06.2015 20:22:16: ftpput 4263222-si2k-6000000000.zip success
29.06.2015 20:22:16:  
29.06.2015 20:22:46: zipping 4263222-si2k-6000000000.zip success
29.06.2015 20:22:51: ftpput 4263222-si2k-6000000000.zip success
29.06.2015 20:22:51:  
29.06.2015 20:23:21: zipping 4263222-si2k-6000000000.zip success
29.06.2015 20:23:26: ftpput 4263222-si2k-6000000000.zip success
29.06.2015 20:23:26:  
29.06.2015 20:23:56: zipping 4263222-si2k-6000000000.zip success
29.06.2015 20:24:01: ftpput 4263222-si2k-6000000000.zip success
29.06.2015 20:24:01:  
29.06.2015 20:24:31: zipping 4263222-si2k-6000000000.zip success
29.06.2015 20:24:37: ftpput 4263222-si2k-6000000000.zip success
29.06.2015 20:24:37:  
29.06.2015 20:25:07: zipping 4263222-si2k-6000000000.zip success
29.06.2015 20:26:10: zipping 4263222-si2k-1506290000.zip success
29.06.2015 20:26:15: ftpput 4263222-si2k-1506290000.zip success
29.06.2015 20:26:15:  
29.06.2015 21:21:28: ---EE--- FTPlist4263222 module error: Cannot RETR. Client data socket connection Error - Network is unreachable (#10051) - 192.168.3.3:55017
29.06.2015 21:22:52: ---EE--- FTPlist4263222 module error: Cannot RETR. Client data socket connection Error - Network is unreachable (#10051) - 192.168.3.3:55030
29.06.2015 21:27:53: ---EE--- FTPlist4263222 module error: Cannot RETR. Client data socket connection Error - Network is unreachable (#10051) - 192.168.3.3:55049
29.06.2015 21:31:53: ---EE--- FTPlist4263222 module error: Cannot RETR. Client data socket connection Error - Network is unreachable (#10051) - 192.168.3.3:55071
29.06.2015 21:33:34: ftpget 000002015062900000000.ama success
29.06.2015 21:33:34: zipping 4263222-si2k-1506290000.zip success
29.06.2015 21:54:00: ftpget 000002015062900000000.ama success
29.06.2015 21:54:00: zipping 4263222-si2k-1506290000.zip success
29.06.2015 21:54:05: ftpput 4263222-si2k-1506290000.zip success
29.06.2015 21:54:05:  
29.06.2015 21:58:35: ftpget 000002015062900000000.ama success
29.06.2015 21:58:35: zipping 4263222-si2k-1506290000.zip success
29.06.2015 21:58:41: ftpput 4263222-si2k-1506290000.zip success
29.06.2015 21:58:41:  
29.06.2015 22:11:11: ftpget 000002015062900000000.ama success
29.06.2015 22:11:11: zipping 4263222-si2k-1506290000.zip success
29.06.2015 22:11:20: ftpput 4263222-si2k-1506290000.zip success
29.06.2015 22:11:20:  
29.06.2015 22:23:30: ftpget 000002015062900000000.ama success
29.06.2015 22:23:30: zipping 4263222-si2k-1506290000.zip success
29.06.2015 22:23:35: ftpput 4263222-si2k-1506290000.zip success
29.06.2015 22:23:35:  
29.06.2015 22:24:29: ftpget 000002015062900000000.ama success
29.06.2015 22:24:29: zipping 4263222-si2k-1506290000.zip success
29.06.2015 22:24:34: ftpput 4263222-si2k-1506290000.zip success
29.06.2015 22:24:34:  
29.06.2015 22:27:14: ftpget 000002015062900000000.ama success
29.06.2015 22:27:14: zipping 4263222-si2k-1506290000.zip success
29.06.2015 22:27:19: ftpput 4263222-si2k-1506290000.zip success
29.06.2015 22:27:19:  
29.06.2015 22:27:19: ftpget 000002015062900000000.ama success
29.06.2015 22:27:19: zipping 4263222-si2k-1506290000.zip success
29.06.2015 22:27:24: ftpput 4263222-si2k-1506290000.zip success
29.06.2015 22:27:24:  
29.06.2015 22:27:24: ftpget 000002015062900000000.ama success
29.06.2015 22:27:24: zipping 4263222-si2k-1506290000.zip success
29.06.2015 22:27:30: ftpput 4263222-si2k-1506290000.zip success
29.06.2015 22:27:30:  
29.06.2015 22:27:30: ftpget 000002015062900000000.ama success
29.06.2015 22:27:30: zipping 4263222-si2k-1506290000.zip success
29.06.2015 22:27:35: ftpput 4263222-si2k-1506290000.zip success
29.06.2015 22:27:35:  
29.06.2015 22:27:35: ftpget 000002015062900000000.ama success
29.06.2015 22:27:35: zipping 4263222-si2k-1506290000.zip success
29.06.2015 22:27:40: ftpput 4263222-si2k-1506290000.zip success
29.06.2015 22:27:40:  
29.06.2015 22:27:40: ftpget 000002015062900000000.ama success
29.06.2015 22:27:40: zipping 4263222-si2k-1506290000.zip success
29.06.2015 22:52:06: Making files 4263222: 0
29.06.2015 22:54:47: Making files 4263222: 0
30.06.2015 01:28:30: ftpget 000002015062900000000.ama success
30.06.2015 01:28:30: zipping 4263222-si2k-1506290000.zip success
30.06.2015 01:28:35: ftpput 4263222-si2k-1506290000.zip success
30.06.2015 01:28:35:  
30.06.2015 02:11:04: ftpget 000002015062900000000.ama success
30.06.2015 02:11:04: zipping 4263222-si2k-1506290000.zip success
30.06.2015 02:11:09: ftpput 4263222-si2k-1506290000.zip success
30.06.2015 02:11:09:  
30.06.2015 02:11:09: Making files 4263222: 1
30.06.2015 10:17:00: ---EE--- FTPlist4263222 module error: null
30.06.2015 10:17:01: ---EE--- FTPlist4263222 module error: null
30.06.2015 10:33:17: Making files 4263222: 0
30.06.2015 11:06:24: ftpget 000002015062900000000.ama success
30.06.2015 11:06:24: zipping 4263222-si2k-1506290000.zip success
30.06.2015 11:06:29: ftpput 4263222-si2k-1506290000.zip success
30.06.2015 11:06:29:  
30.06.2015 11:06:29: Making files 4263222: 1
30.06.2015 11:12:28: ftpget 000002015062900000000.ama success
30.06.2015 11:12:28: zipping 4263222-si2k-1506290000.zip success
30.06.2015 11:12:33: ftpput 4263222-si2k-1506290000.zip success
30.06.2015 11:12:33:  
30.06.2015 11:14:04: ftpget 000002015063000000000.ama success
30.06.2015 11:14:04: zipping 4263222-si2k-1506300000.zip success
30.06.2015 11:14:09: ftpput 4263222-si2k-1506300000.zip success
30.06.2015 11:14:09:  
30.06.2015 11:14:09: ftpget 000002015062900000000.ama success
30.06.2015 11:14:09: zipping 4263222-si2k-1506290000.zip success
30.06.2015 11:14:14: ftpput 4263222-si2k-1506290000.zip success
30.06.2015 11:14:14:  
30.06.2015 11:14:14: ftpget 000002015062800000000.ama success
30.06.2015 11:14:14: zipping 4263222-si2k-1506280000.zip success
30.06.2015 11:14:19: ftpput 4263222-si2k-1506280000.zip success
30.06.2015 11:14:19:  
30.06.2015 11:15:18: ftpget 000002015063000000000.ama success
30.06.2015 11:15:18: zipping 4263222-si2k-1506300000.zip success
30.06.2015 11:15:23: ftpput 4263222-si2k-1506300000.zip success
30.06.2015 11:15:23:  
30.06.2015 11:15:23: ftpget 000002015062900000000.ama success
30.06.2015 11:15:23: zipping 4263222-si2k-1506290000.zip success
30.06.2015 11:15:28: ftpput 4263222-si2k-1506290000.zip success
30.06.2015 11:15:28:  
30.06.2015 11:15:28: ftpget 000002015062900000000.ama success
30.06.2015 11:15:28: zipping 4263222-si2k-1506290000.zip success
30.06.2015 11:15:33: ftpput 4263222-si2k-1506290000.zip success
30.06.2015 11:15:33:  
30.06.2015 11:15:33: ftpget 000002015062800000000.ama success
30.06.2015 11:15:33: zipping 4263222-si2k-1506280000.zip success
30.06.2015 11:15:38: ftpput 4263222-si2k-1506280000.zip success
30.06.2015 11:15:38:  
30.06.2015 11:15:38: Making files 4263222: 4
30.06.2015 11:28:05: ftpget 000002015063000000000.ama success
30.06.2015 11:28:05: zipping 4263222-si2k-1506300000.zip success
30.06.2015 11:28:10: ftpput 4263222-si2k-1506300000.zip success
30.06.2015 11:28:10:  
30.06.2015 18:01:41: ftpget 000002015062700000000.ama success
30.06.2015 18:01:41: zipping 4263222-si2k-1506270000.zip success
30.06.2015 18:01:46: ftpput 4263222-si2k-1506270000.zip success
30.06.2015 18:01:46:  
30.06.2015 18:01:46: ftpget 000002015062800000000.ama success
30.06.2015 18:01:46: zipping 4263222-si2k-1506280000.zip success
30.06.2015 18:01:51: ftpput 4263222-si2k-1506280000.zip success
30.06.2015 18:01:51:  
30.06.2015 18:01:52: ftpget 000002015062900000000.ama success
30.06.2015 18:01:52: zipping 4263222-si2k-1506290000.zip success
30.06.2015 18:01:57: ftpput 4263222-si2k-1506290000.zip success
30.06.2015 18:01:57:  
30.06.2015 18:01:57: ftpget 000002015062700000000.ama success
30.06.2015 18:01:57: zipping 4263222-si2k-1506270000.zip success
30.06.2015 18:02:02: ftpput 4263222-si2k-1506270000.zip success
30.06.2015 18:02:02:  
30.06.2015 18:02:02: ftpget 000002015062800000000.ama success
30.06.2015 18:02:02: zipping 4263222-si2k-1506280000.zip success
30.06.2015 18:02:08: ftpput 4263222-si2k-1506280000.zip success
30.06.2015 18:02:08:  
30.06.2015 18:02:08: ftpget 000002015063000000000.ama success
30.06.2015 18:02:08: zipping 4263222-si2k-1506300000.zip success
30.06.2015 18:02:14: ftpput 4263222-si2k-1506300000.zip success
30.06.2015 18:02:14:  
30.06.2015 18:02:14: ftpget 000002015062700000000.ama success
30.06.2015 18:02:14: zipping 4263222-si2k-1506270000.zip success
30.06.2015 18:02:19: ftpput 4263222-si2k-1506270000.zip success
30.06.2015 18:02:19:  
30.06.2015 18:02:19: ftpget 000002015062900000000.ama success
30.06.2015 18:02:19: zipping 4263222-si2k-1506290000.zip success
30.06.2015 18:02:24: ftpput 4263222-si2k-1506290000.zip success
30.06.2015 18:02:24:  
30.06.2015 18:02:24: ftpget 000002015063000000000.ama success
30.06.2015 18:02:24: zipping 4263222-si2k-1506300000.zip success
30.06.2015 18:11:06: ftpget 000002015062700000000.ama success
30.06.2015 18:11:06: zipping 4263222-si2k-1506270000.zip success
30.06.2015 18:11:12: ftpput 4263222-si2k-1506270000.zip success
30.06.2015 18:11:12:  
30.06.2015 18:13:14: Making files 4263222: 0
30.06.2015 18:13:47: ftpget 000002015062900000000.ama success
30.06.2015 18:13:47: zipping 4263222-si2k-1506290000.zip success
30.06.2015 18:13:52: ftpput 4263222-si2k-1506290000.zip success
30.06.2015 18:13:52:  
30.06.2015 18:13:52: ftpget 000002015062900000000.ama success
30.06.2015 18:13:52: zipping 4263222-si2k-1506290000.zip success
30.06.2015 18:13:57: ftpput 4263222-si2k-1506290000.zip success
30.06.2015 18:13:57:  
30.06.2015 18:13:57: ftpget 000002015062900000000.ama success
30.06.2015 18:13:57: zipping 4263222-si2k-1506290000.zip success
30.06.2015 18:14:03: ftpput 4263222-si2k-1506290000.zip success
30.06.2015 18:14:03:  
30.06.2015 18:14:03: Making files 4263222: 3
30.06.2015 18:17:53: Making files 4263222: 0
30.06.2015 18:18:09: ftpget 000002015062900000000.ama success
30.06.2015 18:18:09: zipping 4263222-si2k-1506290000.zip success
30.06.2015 18:18:17: ftpput 4263222-si2k-1506290000.zip success
30.06.2015 18:18:17:  
30.06.2015 18:18:17: Making files 4263222: 1
30.06.2015 18:18:42: ftpget 000002015063000000000.ama success
30.06.2015 18:18:42: zipping 4263222-si2k-1506300000.zip success
30.06.2015 18:18:49: ftpput 4263222-si2k-1506300000.zip success
30.06.2015 18:18:49:  
30.06.2015 18:18:49: ftpget 000002015062900000000.ama success
30.06.2015 18:18:49: zipping 4263222-si2k-1506290000.zip success
30.06.2015 18:18:54: ftpput 4263222-si2k-1506290000.zip success
30.06.2015 18:18:54:  
30.06.2015 18:18:54: ftpget 000002015062800000000.ama success
30.06.2015 18:18:54: zipping 4263222-si2k-1506280000.zip success
30.06.2015 18:18:59: ftpput 4263222-si2k-1506280000.zip success
30.06.2015 18:18:59:  
30.06.2015 18:22:37: ftpget 000002015062700000000.ama success
30.06.2015 18:22:37: zipping 4263222-si2k-1506270000.zip success
30.06.2015 18:22:43: ftpput 4263222-si2k-1506270000.zip success
30.06.2015 18:22:43:  
30.06.2015 18:22:43: Making files 4263222: 1
30.06.2015 18:23:22: ftpget 000002015062600000000.ama success
30.06.2015 18:23:22: zipping 4263222-si2k-1506260000.zip success
30.06.2015 18:23:27: ftpput 4263222-si2k-1506260000.zip success
30.06.2015 18:23:27:  
30.06.2015 18:23:27: Making files 4263222: 1
30.06.2015 18:32:08: ftpget 000002015063000000000.ama success
30.06.2015 18:32:08: zipping 4263222-si2k-1506300000.zip success
30.06.2015 18:32:14: ftpput 4263222-si2k-1506300000.zip success
30.06.2015 18:32:14:  
30.06.2015 18:32:14: ftpget 000002015062900000000.ama success
30.06.2015 18:32:14: zipping 4263222-si2k-1506290000.zip success
30.06.2015 18:32:19: ftpput 4263222-si2k-1506290000.zip success
30.06.2015 18:32:19:  
30.06.2015 18:32:19: ftpget 000002015062800000000.ama success
30.06.2015 18:32:19: zipping 4263222-si2k-1506280000.zip success
30.06.2015 18:32:24: ftpput 4263222-si2k-1506280000.zip success
30.06.2015 18:32:24:  
30.06.2015 18:32:40: Making files 4263222: 0
30.06.2015 18:33:05: Making files 4263222: 0
30.06.2015 18:33:16: Making files 4263222: 0
30.06.2015 18:35:26: Making files 4263222: 0
30.06.2015 18:36:40: ftpget 000002015062900000000.ama success
30.06.2015 18:36:40: zipping 4263222-si2k-1506290000.zip success
30.06.2015 18:36:45: ftpput 4263222-si2k-1506290000.zip success
30.06.2015 18:36:45:  
30.06.2015 18:36:45: Making files 4263222: 1
30.06.2015 18:37:02: Making files 4263222: 0
30.06.2015 18:37:23: ftpget 000002015063000000000.ama success
30.06.2015 18:37:23: zipping 4263222-si2k-1506300000.zip success
30.06.2015 18:37:29: ftpput 4263222-si2k-1506300000.zip success
30.06.2015 18:37:29:  
30.06.2015 18:37:29: ftpget 000002015062800000000.ama success
30.06.2015 18:37:29: zipping 4263222-si2k-1506280000.zip success
30.06.2015 18:37:35: ftpput 4263222-si2k-1506280000.zip success
30.06.2015 18:37:35:  
30.06.2015 18:37:35: Making files 4263222: 2
30.06.2015 19:08:26: ftpget 000002015063000000000.ama success
30.06.2015 19:08:26: zipping 4263222-si2k-1506300000.zip success
30.06.2015 19:08:31: ftpput 4263222-si2k-1506300000.zip success
30.06.2015 19:08:31:  
30.06.2015 19:08:31: ftpget 000002015062900000000.ama success
30.06.2015 19:08:31: zipping 4263222-si2k-1506290000.zip success
30.06.2015 19:08:39: ftpput 4263222-si2k-1506290000.zip success
30.06.2015 19:08:39:  
30.06.2015 19:08:39: ftpget 000002015062800000000.ama success
30.06.2015 19:08:39: zipping 4263222-si2k-1506280000.zip success
30.06.2015 19:08:44: ftpput 4263222-si2k-1506280000.zip success
30.06.2015 19:08:44:  
30.06.2015 19:12:32: Making files 4263222: 0
30.06.2015 19:12:49: ftpget 000002015062900000000.ama success
30.06.2015 19:12:49: zipping 4263222-si2k-1506290000.zip success
30.06.2015 19:12:55: ftpput 4263222-si2k-1506290000.zip success
30.06.2015 19:12:55:  
30.06.2015 19:12:55: Making files 4263222: 1
